;  LST file generated by mikroListExporter - v.2.0 
; Date/Time: 17/03/2018 03:43:19 p. m.
;----------------------------------------------

;Address Opcode 	ASM
0x0000	0x2D99      	GOTO       1433
_interrupt:
;SmartMotorDriver.c,6 :: 		void interrupt() iv 0x0004 ics ICS_AUTO //interrupts
0x0004	0x0870      	MOVF       R0, 0
0x0005	0x0020      	MOVLB      0
0x0006	0x00AB      	MOVWF      43
0x0007	0x0871      	MOVF       R1, 0
0x0008	0x00AA      	MOVWF      42
0x0009	0x0872      	MOVF       R2, 0
0x000A	0x00A9      	MOVWF      41
0x000B	0x0873      	MOVF       R3, 0
0x000C	0x00A8      	MOVWF      40
0x000D	0x0874      	MOVF       R4, 0
0x000E	0x00A7      	MOVWF      39
0x000F	0x0875      	MOVF       R5, 0
0x0010	0x00A6      	MOVWF      38
0x0011	0x0878      	MOVF       R8, 0
0x0012	0x00A5      	MOVWF      37
0x0013	0x0879      	MOVF       R9, 0
0x0014	0x00A4      	MOVWF      36
0x0015	0x087A      	MOVF       R10, 0
0x0016	0x00A3      	MOVWF      35
0x0017	0x087B      	MOVF       R11, 0
0x0018	0x00A2      	MOVWF      34
0x0019	0x087C      	MOVF       R12, 0
0x001A	0x00A1      	MOVWF      33
;SmartMotorDriver.c,8 :: 		if (INTCON.f0 == 1 && IOCAF.f4 == 1) //interrupt on change on RA4 trigered
0x001B	0x3180      	MOVLP      0
0x001C	0x1C0B      	BTFSS      INTCON, 0
0x001D	0x2829      	GOTO       L_interrupt2
0x001E	0x0027      	MOVLB      7
0x001F	0x1E13      	BTFSS      IOCAF, 4
0x0020	0x2829      	GOTO       L_interrupt2
L__interrupt15:
;SmartMotorDriver.c,10 :: 		INTCON.f3 = 0; //disable on change interrupts
0x0021	0x118B      	BCF        INTCON, 3
;SmartMotorDriver.c,11 :: 		counter ++;  //increment counter one in one
0x0022	0x0020      	MOVLB      0
0x0023	0x0AAE      	INCF       _counter, 1
0x0024	0x1903      	BTFSC      STATUS, 2
0x0025	0x0AAF      	INCF       _counter+1, 1
;SmartMotorDriver.c,12 :: 		IOCAF.f4 = 0; //clear interrupt flags
0x0026	0x0027      	MOVLB      7
0x0027	0x1213      	BCF        IOCAF, 4
;SmartMotorDriver.c,13 :: 		INTCON.f3 = 1; //enable on change interrupts
0x0028	0x158B      	BSF        INTCON, 3
;SmartMotorDriver.c,14 :: 		}
L_interrupt2:
;SmartMotorDriver.c,15 :: 		if(PIR1.f0 == 1) //timer1 interrupt, called every 65.536ms
0x0029	0x0020      	MOVLB      0
0x002A	0x1C11      	BTFSS      PIR1, 0
0x002B	0x2849      	GOTO       L_interrupt3
;SmartMotorDriver.c,17 :: 		INTCON.f3 = 0; //disable on change interrupts
0x002C	0x118B      	BCF        INTCON, 3
;SmartMotorDriver.c,18 :: 		T1CON.f0 =  0; //stop timer1
0x002D	0x1018      	BCF        T1CON, 0
;SmartMotorDriver.c,19 :: 		rpm = (counter * 5 * 60)/150;  //calculate rpm
0x002E	0x082E      	MOVF       _counter, 0
0x002F	0x00F0      	MOVWF      R0
0x0030	0x082F      	MOVF       _counter+1, 0
0x0031	0x00F1      	MOVWF      R1
0x0032	0x3005      	MOVLW      5
0x0033	0x00F4      	MOVWF      R4
0x0034	0x3000      	MOVLW      0
0x0035	0x00F5      	MOVWF      R5
0x0036	0x207C      	CALL       _Mul_16X16_U
0x0037	0x303C      	MOVLW      60
0x0038	0x00F4      	MOVWF      R4
0x0039	0x3000      	MOVLW      0
0x003A	0x00F5      	MOVWF      R5
0x003B	0x207C      	CALL       _Mul_16X16_U
0x003C	0x3096      	MOVLW      150
0x003D	0x00F4      	MOVWF      R4
0x003E	0x01F5      	CLRF       R5
0x003F	0x2060      	CALL       _Div_16X16_U
0x0040	0x0870      	MOVF       R0, 0
0x0041	0x00AC      	MOVWF      _rpm
0x0042	0x0871      	MOVF       R1, 0
0x0043	0x00AD      	MOVWF      _rpm+1
;SmartMotorDriver.c,20 :: 		counter = 0;  //clear counter
0x0044	0x01AE      	CLRF       _counter
0x0045	0x01AF      	CLRF       _counter+1
;SmartMotorDriver.c,21 :: 		INTCON.f3 = 1; //enable on change interrupts
0x0046	0x158B      	BSF        INTCON, 3
;SmartMotorDriver.c,22 :: 		PIR1.f0 = 0; //clear interrutp flag
0x0047	0x1011      	BCF        PIR1, 0
;SmartMotorDriver.c,23 :: 		T1CON.f0 =  1; //start timer1
0x0048	0x1418      	BSF        T1CON, 0
;SmartMotorDriver.c,24 :: 		}
L_interrupt3:
;SmartMotorDriver.c,25 :: 		}
L_end_interrupt:
L__interrupt17:
0x0049	0x082B      	MOVF       43, 0
0x004A	0x00F0      	MOVWF      R0
0x004B	0x082A      	MOVF       42, 0
0x004C	0x00F1      	MOVWF      R1
0x004D	0x0829      	MOVF       41, 0
0x004E	0x00F2      	MOVWF      R2
0x004F	0x0828      	MOVF       40, 0
0x0050	0x00F3      	MOVWF      R3
0x0051	0x0827      	MOVF       39, 0
0x0052	0x00F4      	MOVWF      R4
0x0053	0x0826      	MOVF       38, 0
0x0054	0x00F5      	MOVWF      R5
0x0055	0x0825      	MOVF       37, 0
0x0056	0x00F8      	MOVWF      R8
0x0057	0x0824      	MOVF       36, 0
0x0058	0x00F9      	MOVWF      R9
0x0059	0x0823      	MOVF       35, 0
0x005A	0x00FA      	MOVWF      R10
0x005B	0x0822      	MOVF       34, 0
0x005C	0x00FB      	MOVWF      R11
0x005D	0x0821      	MOVF       33, 0
0x005E	0x00FC      	MOVWF      R12
0x005F	0x0009      	RETFIE     %s
; end of _interrupt
_Div_16X16_U:
;__Lib_Math.c,213 :: 		
;__Lib_Math.c,220 :: 		
0x0060	0x0020      	MOVLB      0
;__Lib_Math.c,221 :: 		
0x0061	0x01F8      	CLRF       R8
;__Lib_Math.c,222 :: 		
0x0062	0x01F9      	CLRF       R9
;__Lib_Math.c,223 :: 		
0x0063	0x3010      	MOVLW      16
;__Lib_Math.c,224 :: 		
0x0064	0x00FC      	MOVWF      R12
;__Lib_Math.c,225 :: 		
0x0065	0x0D71      	RLF        R1, 0
;__Lib_Math.c,226 :: 		
0x0066	0x0DF8      	RLF        R8, 1
;__Lib_Math.c,227 :: 		
0x0067	0x0DF9      	RLF        R9, 1
;__Lib_Math.c,228 :: 		
0x0068	0x0874      	MOVF       R4, 0
;__Lib_Math.c,229 :: 		
0x0069	0x02F8      	SUBWF      R8, 1
;__Lib_Math.c,230 :: 		
0x006A	0x0875      	MOVF       R5, 0
;__Lib_Math.c,231 :: 		
0x006B	0x1C03      	BTFSS      STATUS, 0
;__Lib_Math.c,232 :: 		
0x006C	0x0F75      	INCFSZ     R5, 0
;__Lib_Math.c,233 :: 		
0x006D	0x02F9      	SUBWF      R9, 1
;__Lib_Math.c,234 :: 		
0x006E	0x1803      	BTFSC      STATUS, 0
;__Lib_Math.c,235 :: 		
0x006F	0x2877      	GOTO       $+8
;__Lib_Math.c,236 :: 		
0x0070	0x0874      	MOVF       R4, 0
;__Lib_Math.c,237 :: 		
0x0071	0x07F8      	ADDWF      R8, 1
;__Lib_Math.c,238 :: 		
0x0072	0x0875      	MOVF       R5, 0
;__Lib_Math.c,239 :: 		
0x0073	0x1803      	BTFSC      STATUS, 0
;__Lib_Math.c,240 :: 		
0x0074	0x0F75      	INCFSZ     R5, 0
;__Lib_Math.c,241 :: 		
0x0075	0x07F9      	ADDWF      R9, 1
;__Lib_Math.c,242 :: 		
0x0076	0x1003      	BCF        STATUS, 0
;__Lib_Math.c,243 :: 		
0x0077	0x0DF0      	RLF        R0, 1
;__Lib_Math.c,244 :: 		
0x0078	0x0DF1      	RLF        R1, 1
;__Lib_Math.c,245 :: 		
0x0079	0x0BFC      	DECFSZ     R12, 1
;__Lib_Math.c,246 :: 		
0x007A	0x2865      	GOTO       $-21
;__Lib_Math.c,248 :: 		
L_end_Div_16X16_U:
0x007B	0x0008      	RETURN
; end of _Div_16X16_U
_Mul_16X16_U:
;__Lib_Math.c,136 :: 		
;__Lib_Math.c,143 :: 		
0x007C	0x0020      	MOVLB      0
;__Lib_Math.c,144 :: 		
0x007D	0x01FB      	CLRF       R11
;__Lib_Math.c,145 :: 		
0x007E	0x01FA      	CLRF       R10
;__Lib_Math.c,146 :: 		
0x007F	0x01F9      	CLRF       R9
;__Lib_Math.c,147 :: 		
0x0080	0x3080      	MOVLW      128
;__Lib_Math.c,148 :: 		
0x0081	0x00F8      	MOVWF      R8
;__Lib_Math.c,149 :: 		
0x0082	0x0CF1      	RRF        R1, 1
;__Lib_Math.c,150 :: 		
0x0083	0x0CF0      	RRF        R0, 1
;__Lib_Math.c,151 :: 		
0x0084	0x1C03      	BTFSS      STATUS, 0
;__Lib_Math.c,152 :: 		
0x0085	0x288F      	GOTO       $+10
;__Lib_Math.c,153 :: 		
0x0086	0x0874      	MOVF       R4, 0
;__Lib_Math.c,154 :: 		
0x0087	0x07F9      	ADDWF      R9, 1
;__Lib_Math.c,155 :: 		
0x0088	0x0875      	MOVF       R5, 0
;__Lib_Math.c,156 :: 		
0x0089	0x1803      	BTFSC      STATUS, 0
;__Lib_Math.c,157 :: 		
0x008A	0x0F75      	INCFSZ     R5, 0
;__Lib_Math.c,158 :: 		
0x008B	0x07FA      	ADDWF      R10, 1
;__Lib_Math.c,159 :: 		
0x008C	0x1803      	BTFSC      STATUS, 0
;__Lib_Math.c,160 :: 		
0x008D	0x0AFB      	INCF       R11, 1
;__Lib_Math.c,161 :: 		
0x008E	0x1003      	BCF        STATUS, 0
;__Lib_Math.c,162 :: 		
0x008F	0x1FF0      	BTFSS      R0, 7
;__Lib_Math.c,163 :: 		
0x0090	0x2897      	GOTO       $+7
;__Lib_Math.c,164 :: 		
0x0091	0x0874      	MOVF       R4, 0
;__Lib_Math.c,165 :: 		
0x0092	0x07FA      	ADDWF      R10, 1
;__Lib_Math.c,166 :: 		
0x0093	0x0875      	MOVF       R5, 0
;__Lib_Math.c,167 :: 		
0x0094	0x1803      	BTFSC      STATUS, 0
;__Lib_Math.c,168 :: 		
0x0095	0x0F75      	INCFSZ     R5, 0
;__Lib_Math.c,169 :: 		
0x0096	0x07FB      	ADDWF      R11, 1
;__Lib_Math.c,170 :: 		
0x0097	0x0CFB      	RRF        R11, 1
;__Lib_Math.c,171 :: 		
0x0098	0x0CFA      	RRF        R10, 1
;__Lib_Math.c,172 :: 		
0x0099	0x0CF9      	RRF        R9, 1
;__Lib_Math.c,173 :: 		
0x009A	0x0CF8      	RRF        R8, 1
;__Lib_Math.c,174 :: 		
0x009B	0x1C03      	BTFSS      STATUS, 0
;__Lib_Math.c,175 :: 		
0x009C	0x2882      	GOTO       $-26
;__Lib_Math.c,176 :: 		
0x009D	0x087B      	MOVF       R11, 0
;__Lib_Math.c,177 :: 		
0x009E	0x00F3      	MOVWF      R3
;__Lib_Math.c,178 :: 		
0x009F	0x087A      	MOVF       R10, 0
;__Lib_Math.c,179 :: 		
0x00A0	0x00F2      	MOVWF      R2
;__Lib_Math.c,180 :: 		
0x00A1	0x0879      	MOVF       R9, 0
;__Lib_Math.c,181 :: 		
0x00A2	0x00F1      	MOVWF      R1
;__Lib_Math.c,182 :: 		
0x00A3	0x0878      	MOVF       R8, 0
;__Lib_Math.c,183 :: 		
0x00A4	0x00F0      	MOVWF      R0
;__Lib_Math.c,186 :: 		
L_end_Mul_16X16_U:
0x00A5	0x0008      	RETURN
; end of _Mul_16X16_U
_SDIV3232L:
;__Lib_Math.c,690 :: 		
;__Lib_Math.c,699 :: 		
0x00A6	0x0874      	MOVF       R4, 0
;__Lib_Math.c,700 :: 		
0x00A7	0x02F8      	SUBWF      R8, 1
;__Lib_Math.c,701 :: 		
0x00A8	0x0875      	MOVF       R5, 0
;__Lib_Math.c,702 :: 		
0x00A9	0x1C03      	BTFSS      STATUS, 0
;__Lib_Math.c,703 :: 		
0x00AA	0x0F75      	INCFSZ     R5, 0
;__Lib_Math.c,704 :: 		
0x00AB	0x02F9      	SUBWF      R9, 1
;__Lib_Math.c,705 :: 		
0x00AC	0x0876      	MOVF       R6, 0
;__Lib_Math.c,706 :: 		
0x00AD	0x1C03      	BTFSS      STATUS, 0
;__Lib_Math.c,707 :: 		
0x00AE	0x0F76      	INCFSZ     R6, 0
;__Lib_Math.c,708 :: 		
0x00AF	0x02FA      	SUBWF      R10, 1
;__Lib_Math.c,709 :: 		
0x00B0	0x0877      	MOVF       R7, 0
;__Lib_Math.c,710 :: 		
0x00B1	0x1C03      	BTFSS      STATUS, 0
;__Lib_Math.c,711 :: 		
0x00B2	0x0F77      	INCFSZ     R7, 0
;__Lib_Math.c,712 :: 		
0x00B3	0x02FB      	SUBWF      R11, 1
;__Lib_Math.c,713 :: 		
0x00B4	0x0DF3      	RLF        R3, 1
;__Lib_Math.c,715 :: 		
0x00B5	0x3007      	MOVLW      7
;__Lib_Math.c,716 :: 		
0x00B6	0x00FC      	MOVWF      R12
;__Lib_Math.c,718 :: 		
LOOPS3232A:
;__Lib_Math.c,719 :: 		
0x00B7	0x0D73      	RLF        R3, 0
;__Lib_Math.c,720 :: 		
0x00B8	0x0DF8      	RLF        R8, 1
;__Lib_Math.c,721 :: 		
0x00B9	0x0DF9      	RLF        R9, 1
;__Lib_Math.c,722 :: 		
0x00BA	0x0DFA      	RLF        R10, 1
;__Lib_Math.c,723 :: 		
0x00BB	0x0DFB      	RLF        R11, 1
;__Lib_Math.c,724 :: 		
0x00BC	0x0874      	MOVF       R4, 0
;__Lib_Math.c,725 :: 		
0x00BD	0x1C73      	BTFSS      R3, 0
;__Lib_Math.c,726 :: 		
0x00BE	0x28CD      	GOTO       SADD22LA
;__Lib_Math.c,728 :: 		
0x00BF	0x02F8      	SUBWF      R8, 1
;__Lib_Math.c,729 :: 		
0x00C0	0x0875      	MOVF       R5, 0
;__Lib_Math.c,730 :: 		
0x00C1	0x1C03      	BTFSS      STATUS, 0
;__Lib_Math.c,731 :: 		
0x00C2	0x0F75      	INCFSZ     R5, 0
;__Lib_Math.c,732 :: 		
0x00C3	0x02F9      	SUBWF      R9, 1
;__Lib_Math.c,733 :: 		
0x00C4	0x0876      	MOVF       R6, 0
;__Lib_Math.c,734 :: 		
0x00C5	0x1C03      	BTFSS      STATUS, 0
;__Lib_Math.c,735 :: 		
0x00C6	0x0F76      	INCFSZ     R6, 0
;__Lib_Math.c,736 :: 		
0x00C7	0x02FA      	SUBWF      R10, 1
;__Lib_Math.c,737 :: 		
0x00C8	0x0877      	MOVF       R7, 0
;__Lib_Math.c,738 :: 		
0x00C9	0x1C03      	BTFSS      STATUS, 0
;__Lib_Math.c,739 :: 		
0x00CA	0x0F77      	INCFSZ     R7, 0
;__Lib_Math.c,740 :: 		
0x00CB	0x02FB      	SUBWF      R11, 1
;__Lib_Math.c,741 :: 		
0x00CC	0x28DA      	GOTO       SOK22LA
;__Lib_Math.c,743 :: 		
SADD22LA:
;__Lib_Math.c,744 :: 		
0x00CD	0x07F8      	ADDWF      R8, 1
;__Lib_Math.c,745 :: 		
0x00CE	0x0875      	MOVF       R5, 0
;__Lib_Math.c,746 :: 		
0x00CF	0x1803      	BTFSC      STATUS, 0
;__Lib_Math.c,747 :: 		
0x00D0	0x0F75      	INCFSZ     R5, 0
;__Lib_Math.c,748 :: 		
0x00D1	0x07F9      	ADDWF      R9, 1
;__Lib_Math.c,749 :: 		
0x00D2	0x0876      	MOVF       R6, 0
;__Lib_Math.c,750 :: 		
0x00D3	0x1803      	BTFSC      STATUS, 0
;__Lib_Math.c,751 :: 		
0x00D4	0x0F76      	INCFSZ     R6, 0
;__Lib_Math.c,752 :: 		
0x00D5	0x07FA      	ADDWF      R10, 1
;__Lib_Math.c,753 :: 		
0x00D6	0x0877      	MOVF       R7, 0
;__Lib_Math.c,754 :: 		
0x00D7	0x1803      	BTFSC      STATUS, 0
;__Lib_Math.c,755 :: 		
0x00D8	0x0F77      	INCFSZ     R7, 0
;__Lib_Math.c,756 :: 		
0x00D9	0x07FB      	ADDWF      R11, 1
;__Lib_Math.c,758 :: 		
SOK22LA:
;__Lib_Math.c,759 :: 		
0x00DA	0x0DF3      	RLF        R3, 1
;__Lib_Math.c,761 :: 		
0x00DB	0x0BFC      	DECFSZ     R12, 1
;__Lib_Math.c,762 :: 		
0x00DC	0x28B7      	GOTO       LOOPS3232A
;__Lib_Math.c,764 :: 		
0x00DD	0x0D72      	RLF        R2, 0
;__Lib_Math.c,765 :: 		
0x00DE	0x0DF8      	RLF        R8, 1
;__Lib_Math.c,766 :: 		
0x00DF	0x0DF9      	RLF        R9, 1
;__Lib_Math.c,767 :: 		
0x00E0	0x0DFA      	RLF        R10, 1
;__Lib_Math.c,768 :: 		
0x00E1	0x0DFB      	RLF        R11, 1
;__Lib_Math.c,769 :: 		
0x00E2	0x0874      	MOVF       R4, 0
;__Lib_Math.c,770 :: 		
0x00E3	0x1C73      	BTFSS      R3, 0
;__Lib_Math.c,771 :: 		
0x00E4	0x28F3      	GOTO       SADD22L8
;__Lib_Math.c,773 :: 		
0x00E5	0x02F8      	SUBWF      R8, 1
;__Lib_Math.c,774 :: 		
0x00E6	0x0875      	MOVF       R5, 0
;__Lib_Math.c,775 :: 		
0x00E7	0x1C03      	BTFSS      STATUS, 0
;__Lib_Math.c,776 :: 		
0x00E8	0x0F75      	INCFSZ     R5, 0
;__Lib_Math.c,777 :: 		
0x00E9	0x02F9      	SUBWF      R9, 1
;__Lib_Math.c,778 :: 		
0x00EA	0x0876      	MOVF       R6, 0
;__Lib_Math.c,779 :: 		
0x00EB	0x1C03      	BTFSS      STATUS, 0
;__Lib_Math.c,780 :: 		
0x00EC	0x0F76      	INCFSZ     R6, 0
;__Lib_Math.c,781 :: 		
0x00ED	0x02FA      	SUBWF      R10, 1
;__Lib_Math.c,782 :: 		
0x00EE	0x0877      	MOVF       R7, 0
;__Lib_Math.c,783 :: 		
0x00EF	0x1C03      	BTFSS      STATUS, 0
;__Lib_Math.c,784 :: 		
0x00F0	0x0F77      	INCFSZ     R7, 0
;__Lib_Math.c,785 :: 		
0x00F1	0x02FB      	SUBWF      R11, 1
;__Lib_Math.c,786 :: 		
0x00F2	0x2900      	GOTO       SOK22L8
;__Lib_Math.c,788 :: 		
SADD22L8:
;__Lib_Math.c,789 :: 		
0x00F3	0x07F8      	ADDWF      R8, 1
;__Lib_Math.c,790 :: 		
0x00F4	0x0875      	MOVF       R5, 0
;__Lib_Math.c,791 :: 		
0x00F5	0x1803      	BTFSC      STATUS, 0
;__Lib_Math.c,792 :: 		
0x00F6	0x0F75      	INCFSZ     R5, 0
;__Lib_Math.c,793 :: 		
0x00F7	0x07F9      	ADDWF      R9, 1
;__Lib_Math.c,794 :: 		
0x00F8	0x0876      	MOVF       R6, 0
;__Lib_Math.c,795 :: 		
0x00F9	0x1803      	BTFSC      STATUS, 0
;__Lib_Math.c,796 :: 		
0x00FA	0x0F76      	INCFSZ     R6, 0
;__Lib_Math.c,797 :: 		
0x00FB	0x07FA      	ADDWF      R10, 1
;__Lib_Math.c,798 :: 		
0x00FC	0x0877      	MOVF       R7, 0
;__Lib_Math.c,799 :: 		
0x00FD	0x1803      	BTFSC      STATUS, 0
;__Lib_Math.c,800 :: 		
0x00FE	0x0F77      	INCFSZ     R7, 0
;__Lib_Math.c,801 :: 		
0x00FF	0x07FB      	ADDWF      R11, 1
;__Lib_Math.c,803 :: 		
SOK22L8:
;__Lib_Math.c,804 :: 		
0x0100	0x0DF2      	RLF        R2, 1
;__Lib_Math.c,806 :: 		
0x0101	0x3007      	MOVLW      7
;__Lib_Math.c,807 :: 		
0x0102	0x00FC      	MOVWF      R12
;__Lib_Math.c,809 :: 		
LOOPS3232B:
;__Lib_Math.c,810 :: 		
0x0103	0x0D72      	RLF        R2, 0
;__Lib_Math.c,811 :: 		
0x0104	0x0DF8      	RLF        R8, 1
;__Lib_Math.c,812 :: 		
0x0105	0x0DF9      	RLF        R9, 1
;__Lib_Math.c,813 :: 		
0x0106	0x0DFA      	RLF        R10, 1
;__Lib_Math.c,814 :: 		
0x0107	0x0DFB      	RLF        R11, 1
;__Lib_Math.c,815 :: 		
0x0108	0x0874      	MOVF       R4, 0
;__Lib_Math.c,816 :: 		
0x0109	0x1C72      	BTFSS      R2, 0
;__Lib_Math.c,817 :: 		
0x010A	0x2919      	GOTO       SADD22LB
;__Lib_Math.c,819 :: 		
0x010B	0x02F8      	SUBWF      R8, 1
;__Lib_Math.c,820 :: 		
0x010C	0x0875      	MOVF       R5, 0
;__Lib_Math.c,821 :: 		
0x010D	0x1C03      	BTFSS      STATUS, 0
;__Lib_Math.c,822 :: 		
0x010E	0x0F75      	INCFSZ     R5, 0
;__Lib_Math.c,823 :: 		
0x010F	0x02F9      	SUBWF      R9, 1
;__Lib_Math.c,824 :: 		
0x0110	0x0876      	MOVF       R6, 0
;__Lib_Math.c,825 :: 		
0x0111	0x1C03      	BTFSS      STATUS, 0
;__Lib_Math.c,826 :: 		
0x0112	0x0F76      	INCFSZ     R6, 0
;__Lib_Math.c,827 :: 		
0x0113	0x02FA      	SUBWF      R10, 1
;__Lib_Math.c,828 :: 		
0x0114	0x0877      	MOVF       R7, 0
;__Lib_Math.c,829 :: 		
0x0115	0x1C03      	BTFSS      STATUS, 0
;__Lib_Math.c,830 :: 		
0x0116	0x0F77      	INCFSZ     R7, 0
;__Lib_Math.c,831 :: 		
0x0117	0x02FB      	SUBWF      R11, 1
;__Lib_Math.c,832 :: 		
0x0118	0x2926      	GOTO       SOK22LB
;__Lib_Math.c,834 :: 		
SADD22LB:
;__Lib_Math.c,835 :: 		
0x0119	0x07F8      	ADDWF      R8, 1
;__Lib_Math.c,836 :: 		
0x011A	0x0875      	MOVF       R5, 0
;__Lib_Math.c,837 :: 		
0x011B	0x1803      	BTFSC      STATUS, 0
;__Lib_Math.c,838 :: 		
0x011C	0x0F75      	INCFSZ     R5, 0
;__Lib_Math.c,839 :: 		
0x011D	0x07F9      	ADDWF      R9, 1
;__Lib_Math.c,840 :: 		
0x011E	0x0876      	MOVF       R6, 0
;__Lib_Math.c,841 :: 		
0x011F	0x1803      	BTFSC      STATUS, 0
;__Lib_Math.c,842 :: 		
0x0120	0x0F76      	INCFSZ     R6, 0
;__Lib_Math.c,843 :: 		
0x0121	0x07FA      	ADDWF      R10, 1
;__Lib_Math.c,844 :: 		
0x0122	0x0877      	MOVF       R7, 0
;__Lib_Math.c,845 :: 		
0x0123	0x1803      	BTFSC      STATUS, 0
;__Lib_Math.c,846 :: 		
0x0124	0x0F77      	INCFSZ     R7, 0
;__Lib_Math.c,847 :: 		
0x0125	0x07FB      	ADDWF      R11, 1
;__Lib_Math.c,849 :: 		
SOK22LB:
;__Lib_Math.c,850 :: 		
0x0126	0x0DF2      	RLF        R2, 1
;__Lib_Math.c,852 :: 		
0x0127	0x0BFC      	DECFSZ     R12, 1
;__Lib_Math.c,853 :: 		
0x0128	0x2903      	GOTO       LOOPS3232B
;__Lib_Math.c,855 :: 		
0x0129	0x0D71      	RLF        R1, 0
;__Lib_Math.c,856 :: 		
0x012A	0x0DF8      	RLF        R8, 1
;__Lib_Math.c,857 :: 		
0x012B	0x0DF9      	RLF        R9, 1
;__Lib_Math.c,858 :: 		
0x012C	0x0DFA      	RLF        R10, 1
;__Lib_Math.c,859 :: 		
0x012D	0x0DFB      	RLF        R11, 1
;__Lib_Math.c,860 :: 		
0x012E	0x0874      	MOVF       R4, 0
;__Lib_Math.c,861 :: 		
0x012F	0x1C72      	BTFSS      R2, 0
;__Lib_Math.c,862 :: 		
0x0130	0x293F      	GOTO       SADD22L16
;__Lib_Math.c,864 :: 		
0x0131	0x02F8      	SUBWF      R8, 1
;__Lib_Math.c,865 :: 		
0x0132	0x0875      	MOVF       R5, 0
;__Lib_Math.c,866 :: 		
0x0133	0x1C03      	BTFSS      STATUS, 0
;__Lib_Math.c,867 :: 		
0x0134	0x0F75      	INCFSZ     R5, 0
;__Lib_Math.c,868 :: 		
0x0135	0x02F9      	SUBWF      R9, 1
;__Lib_Math.c,869 :: 		
0x0136	0x0876      	MOVF       R6, 0
;__Lib_Math.c,870 :: 		
0x0137	0x1C03      	BTFSS      STATUS, 0
;__Lib_Math.c,871 :: 		
0x0138	0x0F76      	INCFSZ     R6, 0
;__Lib_Math.c,872 :: 		
0x0139	0x02FA      	SUBWF      R10, 1
;__Lib_Math.c,873 :: 		
0x013A	0x0877      	MOVF       R7, 0
;__Lib_Math.c,874 :: 		
0x013B	0x1C03      	BTFSS      STATUS, 0
;__Lib_Math.c,875 :: 		
0x013C	0x0F77      	INCFSZ     R7, 0
;__Lib_Math.c,876 :: 		
0x013D	0x02FB      	SUBWF      R11, 1
;__Lib_Math.c,877 :: 		
0x013E	0x294C      	GOTO       SOK22L16
;__Lib_Math.c,879 :: 		
SADD22L16:
;__Lib_Math.c,880 :: 		
0x013F	0x07F8      	ADDWF      R8, 1
;__Lib_Math.c,881 :: 		
0x0140	0x0875      	MOVF       R5, 0
;__Lib_Math.c,882 :: 		
0x0141	0x1803      	BTFSC      STATUS, 0
;__Lib_Math.c,883 :: 		
0x0142	0x0F75      	INCFSZ     R5, 0
;__Lib_Math.c,884 :: 		
0x0143	0x07F9      	ADDWF      R9, 1
;__Lib_Math.c,885 :: 		
0x0144	0x0876      	MOVF       R6, 0
;__Lib_Math.c,886 :: 		
0x0145	0x1803      	BTFSC      STATUS, 0
;__Lib_Math.c,887 :: 		
0x0146	0x0F76      	INCFSZ     R6, 0
;__Lib_Math.c,888 :: 		
0x0147	0x07FA      	ADDWF      R10, 1
;__Lib_Math.c,889 :: 		
0x0148	0x0877      	MOVF       R7, 0
;__Lib_Math.c,890 :: 		
0x0149	0x1803      	BTFSC      STATUS, 0
;__Lib_Math.c,891 :: 		
0x014A	0x0F77      	INCFSZ     R7, 0
;__Lib_Math.c,892 :: 		
0x014B	0x07FB      	ADDWF      R11, 1
;__Lib_Math.c,894 :: 		
SOK22L16:
;__Lib_Math.c,895 :: 		
0x014C	0x0DF1      	RLF        R1, 1
;__Lib_Math.c,897 :: 		
0x014D	0x3007      	MOVLW      7
;__Lib_Math.c,898 :: 		
0x014E	0x00FC      	MOVWF      R12
;__Lib_Math.c,900 :: 		
LOOPS3232C:
;__Lib_Math.c,901 :: 		
0x014F	0x0D71      	RLF        R1, 0
;__Lib_Math.c,902 :: 		
0x0150	0x0DF8      	RLF        R8, 1
;__Lib_Math.c,903 :: 		
0x0151	0x0DF9      	RLF        R9, 1
;__Lib_Math.c,904 :: 		
0x0152	0x0DFA      	RLF        R10, 1
;__Lib_Math.c,905 :: 		
0x0153	0x0DFB      	RLF        R11, 1
;__Lib_Math.c,906 :: 		
0x0154	0x0874      	MOVF       R4, 0
;__Lib_Math.c,907 :: 		
0x0155	0x1C71      	BTFSS      R1, 0
;__Lib_Math.c,908 :: 		
0x0156	0x2965      	GOTO       SADD22LC
;__Lib_Math.c,910 :: 		
0x0157	0x02F8      	SUBWF      R8, 1
;__Lib_Math.c,911 :: 		
0x0158	0x0875      	MOVF       R5, 0
;__Lib_Math.c,912 :: 		
0x0159	0x1C03      	BTFSS      STATUS, 0
;__Lib_Math.c,913 :: 		
0x015A	0x0F75      	INCFSZ     R5, 0
;__Lib_Math.c,914 :: 		
0x015B	0x02F9      	SUBWF      R9, 1
;__Lib_Math.c,915 :: 		
0x015C	0x0876      	MOVF       R6, 0
;__Lib_Math.c,916 :: 		
0x015D	0x1C03      	BTFSS      STATUS, 0
;__Lib_Math.c,917 :: 		
0x015E	0x0F76      	INCFSZ     R6, 0
;__Lib_Math.c,918 :: 		
0x015F	0x02FA      	SUBWF      R10, 1
;__Lib_Math.c,919 :: 		
0x0160	0x0877      	MOVF       R7, 0
;__Lib_Math.c,920 :: 		
0x0161	0x1C03      	BTFSS      STATUS, 0
;__Lib_Math.c,921 :: 		
0x0162	0x0F77      	INCFSZ     R7, 0
;__Lib_Math.c,922 :: 		
0x0163	0x02FB      	SUBWF      R11, 1
;__Lib_Math.c,923 :: 		
0x0164	0x2972      	GOTO       SOK22LC
;__Lib_Math.c,925 :: 		
SADD22LC:
;__Lib_Math.c,926 :: 		
0x0165	0x07F8      	ADDWF      R8, 1
;__Lib_Math.c,927 :: 		
0x0166	0x0875      	MOVF       R5, 0
;__Lib_Math.c,928 :: 		
0x0167	0x1803      	BTFSC      STATUS, 0
;__Lib_Math.c,929 :: 		
0x0168	0x0F75      	INCFSZ     R5, 0
;__Lib_Math.c,930 :: 		
0x0169	0x07F9      	ADDWF      R9, 1
;__Lib_Math.c,931 :: 		
0x016A	0x0876      	MOVF       R6, 0
;__Lib_Math.c,932 :: 		
0x016B	0x1803      	BTFSC      STATUS, 0
;__Lib_Math.c,933 :: 		
0x016C	0x0F76      	INCFSZ     R6, 0
;__Lib_Math.c,934 :: 		
0x016D	0x07FA      	ADDWF      R10, 1
;__Lib_Math.c,935 :: 		
0x016E	0x0877      	MOVF       R7, 0
;__Lib_Math.c,936 :: 		
0x016F	0x1803      	BTFSC      STATUS, 0
;__Lib_Math.c,937 :: 		
0x0170	0x0F77      	INCFSZ     R7, 0
;__Lib_Math.c,938 :: 		
0x0171	0x07FB      	ADDWF      R11, 1
;__Lib_Math.c,940 :: 		
SOK22LC:
;__Lib_Math.c,941 :: 		
0x0172	0x0DF1      	RLF        R1, 1
;__Lib_Math.c,943 :: 		
0x0173	0x0BFC      	DECFSZ     R12, 1
;__Lib_Math.c,944 :: 		
0x0174	0x294F      	GOTO       LOOPS3232C
;__Lib_Math.c,946 :: 		
0x0175	0x0D70      	RLF        R0, 0
;__Lib_Math.c,947 :: 		
0x0176	0x0DF8      	RLF        R8, 1
;__Lib_Math.c,948 :: 		
0x0177	0x0DF9      	RLF        R9, 1
;__Lib_Math.c,949 :: 		
0x0178	0x0DFA      	RLF        R10, 1
;__Lib_Math.c,950 :: 		
0x0179	0x0DFB      	RLF        R11, 1
;__Lib_Math.c,951 :: 		
0x017A	0x0874      	MOVF       R4, 0
;__Lib_Math.c,952 :: 		
0x017B	0x1C71      	BTFSS      R1, 0
;__Lib_Math.c,953 :: 		
0x017C	0x298B      	GOTO       SADD22L24
;__Lib_Math.c,955 :: 		
0x017D	0x02F8      	SUBWF      R8, 1
;__Lib_Math.c,956 :: 		
0x017E	0x0875      	MOVF       R5, 0
;__Lib_Math.c,957 :: 		
0x017F	0x1C03      	BTFSS      STATUS, 0
;__Lib_Math.c,958 :: 		
0x0180	0x0F75      	INCFSZ     R5, 0
;__Lib_Math.c,959 :: 		
0x0181	0x02F9      	SUBWF      R9, 1
;__Lib_Math.c,960 :: 		
0x0182	0x0876      	MOVF       R6, 0
;__Lib_Math.c,961 :: 		
0x0183	0x1C03      	BTFSS      STATUS, 0
;__Lib_Math.c,962 :: 		
0x0184	0x0F76      	INCFSZ     R6, 0
;__Lib_Math.c,963 :: 		
0x0185	0x02FA      	SUBWF      R10, 1
;__Lib_Math.c,964 :: 		
0x0186	0x0877      	MOVF       R7, 0
;__Lib_Math.c,965 :: 		
0x0187	0x1C03      	BTFSS      STATUS, 0
;__Lib_Math.c,966 :: 		
0x0188	0x0F77      	INCFSZ     R7, 0
;__Lib_Math.c,967 :: 		
0x0189	0x02FB      	SUBWF      R11, 1
;__Lib_Math.c,968 :: 		
0x018A	0x2998      	GOTO       SOK22L24
;__Lib_Math.c,970 :: 		
SADD22L24:
;__Lib_Math.c,971 :: 		
0x018B	0x07F8      	ADDWF      R8, 1
;__Lib_Math.c,972 :: 		
0x018C	0x0875      	MOVF       R5, 0
;__Lib_Math.c,973 :: 		
0x018D	0x1803      	BTFSC      STATUS, 0
;__Lib_Math.c,974 :: 		
0x018E	0x0F75      	INCFSZ     R5, 0
;__Lib_Math.c,975 :: 		
0x018F	0x07F9      	ADDWF      R9, 1
;__Lib_Math.c,976 :: 		
0x0190	0x0876      	MOVF       R6, 0
;__Lib_Math.c,977 :: 		
0x0191	0x1803      	BTFSC      STATUS, 0
;__Lib_Math.c,978 :: 		
0x0192	0x0F76      	INCFSZ     R6, 0
;__Lib_Math.c,979 :: 		
0x0193	0x07FA      	ADDWF      R10, 1
;__Lib_Math.c,980 :: 		
0x0194	0x0877      	MOVF       R7, 0
;__Lib_Math.c,981 :: 		
0x0195	0x1803      	BTFSC      STATUS, 0
;__Lib_Math.c,982 :: 		
0x0196	0x0F77      	INCFSZ     R7, 0
;__Lib_Math.c,983 :: 		
0x0197	0x07FB      	ADDWF      R11, 1
;__Lib_Math.c,985 :: 		
SOK22L24:
;__Lib_Math.c,986 :: 		
0x0198	0x0DF0      	RLF        R0, 1
;__Lib_Math.c,988 :: 		
0x0199	0x3007      	MOVLW      7
;__Lib_Math.c,989 :: 		
0x019A	0x00FC      	MOVWF      R12
;__Lib_Math.c,991 :: 		
LOOPS3232D:
;__Lib_Math.c,992 :: 		
0x019B	0x0D70      	RLF        R0, 0
;__Lib_Math.c,993 :: 		
0x019C	0x0DF8      	RLF        R8, 1
;__Lib_Math.c,994 :: 		
0x019D	0x0DF9      	RLF        R9, 1
;__Lib_Math.c,995 :: 		
0x019E	0x0DFA      	RLF        R10, 1
;__Lib_Math.c,996 :: 		
0x019F	0x0DFB      	RLF        R11, 1
;__Lib_Math.c,997 :: 		
0x01A0	0x0874      	MOVF       R4, 0
;__Lib_Math.c,998 :: 		
0x01A1	0x1C70      	BTFSS      R0, 0
;__Lib_Math.c,999 :: 		
0x01A2	0x29B1      	GOTO       SADD22LD
;__Lib_Math.c,1001 :: 		
0x01A3	0x02F8      	SUBWF      R8, 1
;__Lib_Math.c,1002 :: 		
0x01A4	0x0875      	MOVF       R5, 0
;__Lib_Math.c,1003 :: 		
0x01A5	0x1C03      	BTFSS      STATUS, 0
;__Lib_Math.c,1004 :: 		
0x01A6	0x0F75      	INCFSZ     R5, 0
;__Lib_Math.c,1005 :: 		
0x01A7	0x02F9      	SUBWF      R9, 1
;__Lib_Math.c,1006 :: 		
0x01A8	0x0876      	MOVF       R6, 0
;__Lib_Math.c,1007 :: 		
0x01A9	0x1C03      	BTFSS      STATUS, 0
;__Lib_Math.c,1008 :: 		
0x01AA	0x0F76      	INCFSZ     R6, 0
;__Lib_Math.c,1009 :: 		
0x01AB	0x02FA      	SUBWF      R10, 1
;__Lib_Math.c,1010 :: 		
0x01AC	0x0877      	MOVF       R7, 0
;__Lib_Math.c,1011 :: 		
0x01AD	0x1C03      	BTFSS      STATUS, 0
;__Lib_Math.c,1012 :: 		
0x01AE	0x0F77      	INCFSZ     R7, 0
;__Lib_Math.c,1013 :: 		
0x01AF	0x02FB      	SUBWF      R11, 1
;__Lib_Math.c,1014 :: 		
0x01B0	0x29BE      	GOTO       SOK22LD
;__Lib_Math.c,1016 :: 		
SADD22LD:
;__Lib_Math.c,1017 :: 		
0x01B1	0x07F8      	ADDWF      R8, 1
;__Lib_Math.c,1018 :: 		
0x01B2	0x0875      	MOVF       R5, 0
;__Lib_Math.c,1019 :: 		
0x01B3	0x1803      	BTFSC      STATUS, 0
;__Lib_Math.c,1020 :: 		
0x01B4	0x0F75      	INCFSZ     R5, 0
;__Lib_Math.c,1021 :: 		
0x01B5	0x07F9      	ADDWF      R9, 1
;__Lib_Math.c,1022 :: 		
0x01B6	0x0876      	MOVF       R6, 0
;__Lib_Math.c,1023 :: 		
0x01B7	0x1803      	BTFSC      STATUS, 0
;__Lib_Math.c,1024 :: 		
0x01B8	0x0F76      	INCFSZ     R6, 0
;__Lib_Math.c,1025 :: 		
0x01B9	0x07FA      	ADDWF      R10, 1
;__Lib_Math.c,1026 :: 		
0x01BA	0x0877      	MOVF       R7, 0
;__Lib_Math.c,1027 :: 		
0x01BB	0x1803      	BTFSC      STATUS, 0
;__Lib_Math.c,1029 :: 		
0x01BC	0x0F77      	INCFSZ     R7, 0
;__Lib_Math.c,1030 :: 		
0x01BD	0x07FB      	ADDWF      R11, 1
;__Lib_Math.c,1032 :: 		
SOK22LD:
;__Lib_Math.c,1033 :: 		
0x01BE	0x0DF0      	RLF        R0, 1
;__Lib_Math.c,1035 :: 		
0x01BF	0x0BFC      	DECFSZ     R12, 1
;__Lib_Math.c,1036 :: 		
0x01C0	0x299B      	GOTO       LOOPS3232D
;__Lib_Math.c,1038 :: 		
0x01C1	0x1870      	BTFSC      R0, 0
;__Lib_Math.c,1039 :: 		
0x01C2	0x29D1      	GOTO       SOK22L
;__Lib_Math.c,1040 :: 		
0x01C3	0x0874      	MOVF       R4, 0
;__Lib_Math.c,1041 :: 		
0x01C4	0x07F8      	ADDWF      R8, 1
;__Lib_Math.c,1042 :: 		
0x01C5	0x0875      	MOVF       R5, 0
;__Lib_Math.c,1043 :: 		
0x01C6	0x1803      	BTFSC      STATUS, 0
;__Lib_Math.c,1044 :: 		
0x01C7	0x0F75      	INCFSZ     R5, 0
;__Lib_Math.c,1045 :: 		
0x01C8	0x07F9      	ADDWF      R9, 1
;__Lib_Math.c,1046 :: 		
0x01C9	0x0876      	MOVF       R6, 0
;__Lib_Math.c,1047 :: 		
0x01CA	0x1803      	BTFSC      STATUS, 0
;__Lib_Math.c,1048 :: 		
0x01CB	0x0F76      	INCFSZ     R6, 0
;__Lib_Math.c,1049 :: 		
0x01CC	0x07FA      	ADDWF      R10, 1
;__Lib_Math.c,1050 :: 		
0x01CD	0x0877      	MOVF       R7, 0
;__Lib_Math.c,1051 :: 		
0x01CE	0x1803      	BTFSC      STATUS, 0
;__Lib_Math.c,1052 :: 		
0x01CF	0x0F77      	INCFSZ     R7, 0
;__Lib_Math.c,1053 :: 		
0x01D0	0x07FB      	ADDWF      R11, 1
;__Lib_Math.c,1054 :: 		
SOK22L:
;__Lib_Math.c,1057 :: 		
L_end_SDIV3232L:
0x01D1	0x0008      	RETURN
; end of _SDIV3232L
_COMFREM:
;__Lib_Math.c,1059 :: 		
;__Lib_Math.c,1063 :: 		
0x01D2	0x09FB      	COMF       R11, 1
;__Lib_Math.c,1064 :: 		
0x01D3	0x09FA      	COMF       R10, 1
;__Lib_Math.c,1065 :: 		
0x01D4	0x09F9      	COMF       R9, 1
;__Lib_Math.c,1066 :: 		
0x01D5	0x09F8      	COMF       R8, 1
;__Lib_Math.c,1067 :: 		
0x01D6	0x0AF8      	INCF       R8, 1
;__Lib_Math.c,1068 :: 		
0x01D7	0x1903      	BTFSC      STATUS, 2
;__Lib_Math.c,1069 :: 		
0x01D8	0x0AF9      	INCF       R9, 1
;__Lib_Math.c,1070 :: 		
0x01D9	0x1903      	BTFSC      STATUS, 2
;__Lib_Math.c,1071 :: 		
0x01DA	0x0AFA      	INCF       R10, 1
;__Lib_Math.c,1072 :: 		
0x01DB	0x1903      	BTFSC      STATUS, 2
;__Lib_Math.c,1073 :: 		
0x01DC	0x0AFB      	INCF       R11, 1
;__Lib_Math.c,1075 :: 		
L_end_COMFREM:
0x01DD	0x0008      	RETURN
; end of _COMFREM
_Delay_Cyc:
;__Lib_Delays.c,65 :: 		void Delay_Cyc(char cycles_div_by_10)  { // Cycles_div_by_10: min 3, max 255
;__Lib_Delays.c,67 :: 		--cycles_div_by_10;
0x01DE	0x0021      	MOVLB      1
0x01DF	0x03A0      	DECF       FARG_Delay_Cyc_cycles_div_by_10, 1
;__Lib_Delays.c,68 :: 		--cycles_div_by_10;
0x01E0	0x03A0      	DECF       FARG_Delay_Cyc_cycles_div_by_10, 1
;__Lib_Delays.c,69 :: 		while (cycles_div_by_10 > 0) {
L_Delay_Cyc14:
0x01E1	0x0820      	MOVF       FARG_Delay_Cyc_cycles_div_by_10, 0
0x01E2	0x3C00      	SUBLW      0
0x01E3	0x1803      	BTFSC      STATUS, 0
0x01E4	0x29EA      	GOTO       L_Delay_Cyc15
;__Lib_Delays.c,70 :: 		--cycles_div_by_10;
0x01E5	0x03A0      	DECF       FARG_Delay_Cyc_cycles_div_by_10, 1
;__Lib_Delays.c,71 :: 		asm nop;
0x01E6	0x0000      	NOP
;__Lib_Delays.c,72 :: 		asm nop;
0x01E7	0x0000      	NOP
;__Lib_Delays.c,73 :: 		asm nop;
0x01E8	0x0000      	NOP
;__Lib_Delays.c,74 :: 		}
0x01E9	0x29E1      	GOTO       L_Delay_Cyc14
L_Delay_Cyc15:
;__Lib_Delays.c,75 :: 		asm nop;
0x01EA	0x0000      	NOP
;__Lib_Delays.c,76 :: 		asm nop;
0x01EB	0x0000      	NOP
;__Lib_Delays.c,77 :: 		asm nop;
0x01EC	0x0000      	NOP
;__Lib_Delays.c,78 :: 		asm nop;
0x01ED	0x0000      	NOP
;__Lib_Delays.c,79 :: 		asm nop;
0x01EE	0x0000      	NOP
;__Lib_Delays.c,80 :: 		}
L_end_Delay_Cyc:
0x01EF	0x0008      	RETURN
; end of _Delay_Cyc
_Get_Fosc_kHz:
;__Lib_Delays.c,1 :: 		unsigned long Get_Fosc_kHz(){
;__Lib_Delays.c,3 :: 		return Clock_kHz();
0x01F0	0x3000      	MOVLW      0
0x01F1	0x00F0      	MOVWF      R0
0x01F2	0x307D      	MOVLW      125
0x01F3	0x00F1      	MOVWF      R1
0x01F4	0x01F2      	CLRF       R2
0x01F5	0x01F3      	CLRF       R3
;__Lib_Delays.c,5 :: 		}
L_end_Get_Fosc_kHz:
0x01F6	0x0008      	RETURN
; end of _Get_Fosc_kHz
_PWM1_Set_Duty:
;__Lib_PWM_a2.c,11 :: 		
;__Lib_PWM_a2.c,15 :: 		
0x01F7	0x0020      	MOVLB      0
0x01F8	0x081B      	MOVF       PR2, 0
0x01F9	0x3E01      	ADDLW      1
0x01FA	0x00F0      	MOVWF      R0
0x01FB	0x01F1      	CLRF       R1
0x01FC	0x3000      	MOVLW      0
0x01FD	0x3DF1      	ADDWFC     R1, 1
0x01FE	0x0021      	MOVLB      1
0x01FF	0x0820      	MOVF       FARG_PWM1_Set_Duty_new_duty, 0
0x0200	0x00F4      	MOVWF      R4
0x0201	0x01F5      	CLRF       R5
0x0202	0x207C      	CALL       _Mul_16X16_U
0x0203	0x3006      	MOVLW      6
0x0204	0x00F2      	MOVWF      R2
0x0205	0x0870      	MOVF       R0, 0
0x0206	0x00F4      	MOVWF      R4
0x0207	0x0871      	MOVF       R1, 0
0x0208	0x00F5      	MOVWF      R5
0x0209	0x0872      	MOVF       R2, 0
L__PWM1_Set_Duty2:
0x020A	0x1903      	BTFSC      STATUS, 2
0x020B	0x2A10      	GOTO       L__PWM1_Set_Duty3
0x020C	0x36F5      	LSRF       R5, 1
0x020D	0x0CF4      	RRF        R4, 1
0x020E	0x3EFF      	ADDLW      255
0x020F	0x2A0A      	GOTO       L__PWM1_Set_Duty2
L__PWM1_Set_Duty3:
;__Lib_PWM_a2.c,16 :: 		
0x0210	0x3004      	MOVLW      4
0x0211	0x00F1      	MOVWF      R1
0x0212	0x0874      	MOVF       R4, 0
0x0213	0x00F0      	MOVWF      R0
0x0214	0x0871      	MOVF       R1, 0
L__PWM1_Set_Duty4:
0x0215	0x1903      	BTFSC      STATUS, 2
0x0216	0x2A1A      	GOTO       L__PWM1_Set_Duty5
0x0217	0x35F0      	LSLF       R0, 1
0x0218	0x3EFF      	ADDLW      255
0x0219	0x2A15      	GOTO       L__PWM1_Set_Duty4
L__PWM1_Set_Duty5:
0x021A	0x3030      	MOVLW      48
0x021B	0x0570      	ANDWF      R0, 0
0x021C	0x00F3      	MOVWF      R3
;__Lib_PWM_a2.c,17 :: 		
0x021D	0x0874      	MOVF       R4, 0
0x021E	0x00F0      	MOVWF      R0
0x021F	0x0875      	MOVF       R5, 0
0x0220	0x00F1      	MOVWF      R1
0x0221	0x36F1      	LSRF       R1, 1
0x0222	0x0CF0      	RRF        R0, 1
0x0223	0x36F1      	LSRF       R1, 1
0x0224	0x0CF0      	RRF        R0, 1
0x0225	0x0870      	MOVF       R0, 0
0x0226	0x0025      	MOVLB      5
0x0227	0x0091      	MOVWF      CCPR1L
;__Lib_PWM_a2.c,18 :: 		
0x0228	0x300F      	MOVLW      15
0x0229	0x0593      	ANDWF      CCP1CON, 1
;__Lib_PWM_a2.c,19 :: 		
0x022A	0x0873      	MOVF       R3, 0
0x022B	0x0493      	IORWF       CCP1CON, 1
;__Lib_PWM_a2.c,20 :: 		
L_end_PWM1_Set_Duty:
0x022C	0x0008      	RETURN
; end of _PWM1_Set_Duty
_WordToStr:
;__Lib_Conversions.c,98 :: 		
;__Lib_Conversions.c,103 :: 		
0x022D	0x0021      	MOVLB      1
0x022E	0x01A4      	CLRF       WordToStr_len_L0
L_WordToStr11:
0x022F	0x3005      	MOVLW      5
0x0230	0x0224      	SUBWF      WordToStr_len_L0, 0
0x0231	0x1803      	BTFSC      STATUS, 0
0x0232	0x2A3D      	GOTO       L_WordToStr12
;__Lib_Conversions.c,104 :: 		
0x0233	0x0824      	MOVF       WordToStr_len_L0, 0
0x0234	0x0722      	ADDWF      FARG_WordToStr_output, 0
0x0235	0x0086      	MOVWF      FSR1
0x0236	0x3000      	MOVLW      0
0x0237	0x3D23      	ADDWFC     FARG_WordToStr_output+1, 0
0x0238	0x0087      	MOVWF      FSR1H
0x0239	0x3020      	MOVLW      32
0x023A	0x0081      	MOVWF      INDF1
;__Lib_Conversions.c,103 :: 		
0x023B	0x0AA4      	INCF       WordToStr_len_L0, 1
;__Lib_Conversions.c,104 :: 		
0x023C	0x2A2F      	GOTO       L_WordToStr11
L_WordToStr12:
;__Lib_Conversions.c,105 :: 		
0x023D	0x0824      	MOVF       WordToStr_len_L0, 0
0x023E	0x0722      	ADDWF      FARG_WordToStr_output, 0
0x023F	0x0086      	MOVWF      FSR1
0x0240	0x3000      	MOVLW      0
0x0241	0x3D23      	ADDWFC     FARG_WordToStr_output+1, 0
0x0242	0x0087      	MOVWF      FSR1H
0x0243	0x0181      	CLRF       INDF1
0x0244	0x03A4      	DECF       WordToStr_len_L0, 1
;__Lib_Conversions.c,107 :: 		
L_WordToStr14:
;__Lib_Conversions.c,108 :: 		
0x0245	0x0824      	MOVF       WordToStr_len_L0, 0
0x0246	0x0722      	ADDWF      FARG_WordToStr_output, 0
0x0247	0x00A5      	MOVWF      FLOC__WordToStr
0x0248	0x3000      	MOVLW      0
0x0249	0x3D23      	ADDWFC     FARG_WordToStr_output+1, 0
0x024A	0x00A6      	MOVWF      FLOC__WordToStr+1
0x024B	0x300A      	MOVLW      10
0x024C	0x00F4      	MOVWF      R4
0x024D	0x01F5      	CLRF       R5
0x024E	0x0820      	MOVF       FARG_WordToStr_input, 0
0x024F	0x00F0      	MOVWF      R0
0x0250	0x0821      	MOVF       FARG_WordToStr_input+1, 0
0x0251	0x00F1      	MOVWF      R1
0x0252	0x2060      	CALL       _Div_16X16_U
0x0253	0x0878      	MOVF       R8, 0
0x0254	0x00F0      	MOVWF      R0
0x0255	0x0879      	MOVF       R9, 0
0x0256	0x00F1      	MOVWF      R1
0x0257	0x3030      	MOVLW      48
0x0258	0x07F0      	ADDWF      R0, 1
0x0259	0x0021      	MOVLB      1
0x025A	0x0825      	MOVF       FLOC__WordToStr, 0
0x025B	0x0086      	MOVWF      FSR1
0x025C	0x0826      	MOVF       FLOC__WordToStr+1, 0
0x025D	0x0087      	MOVWF      FSR1H
0x025E	0x0870      	MOVF       R0, 0
0x025F	0x0081      	MOVWF      INDF1
;__Lib_Conversions.c,109 :: 		
0x0260	0x300A      	MOVLW      10
0x0261	0x00F4      	MOVWF      R4
0x0262	0x01F5      	CLRF       R5
0x0263	0x0820      	MOVF       FARG_WordToStr_input, 0
0x0264	0x00F0      	MOVWF      R0
0x0265	0x0821      	MOVF       FARG_WordToStr_input+1, 0
0x0266	0x00F1      	MOVWF      R1
0x0267	0x2060      	CALL       _Div_16X16_U
0x0268	0x0870      	MOVF       R0, 0
0x0269	0x0021      	MOVLB      1
0x026A	0x00A0      	MOVWF      FARG_WordToStr_input
0x026B	0x0871      	MOVF       R1, 0
0x026C	0x00A1      	MOVWF      FARG_WordToStr_input+1
;__Lib_Conversions.c,110 :: 		
0x026D	0x3000      	MOVLW      0
0x026E	0x0671      	XORWF      R1, 0
0x026F	0x1D03      	BTFSS      STATUS, 2
0x0270	0x2A73      	GOTO       L__WordToStr159
0x0271	0x3000      	MOVLW      0
0x0272	0x0670      	XORWF      R0, 0
L__WordToStr159:
0x0273	0x1D03      	BTFSS      STATUS, 2
0x0274	0x2A76      	GOTO       L_WordToStr16
;__Lib_Conversions.c,111 :: 		
0x0275	0x2A78      	GOTO       L_WordToStr15
L_WordToStr16:
;__Lib_Conversions.c,112 :: 		
0x0276	0x03A4      	DECF       WordToStr_len_L0, 1
;__Lib_Conversions.c,113 :: 		
0x0277	0x2A45      	GOTO       L_WordToStr14
L_WordToStr15:
;__Lib_Conversions.c,114 :: 		
L_end_WordToStr:
0x0278	0x0008      	RETURN
; end of _WordToStr
_Mul_32x32_U:
;__Lib_Math.c,1765 :: 		
;__Lib_Math.c,1780 :: 		
0x0279	0x0020      	MOVLB      0
;__Lib_Math.c,1781 :: 		
0x027A	0x3022      	MOVLW      34
;__Lib_Math.c,1782 :: 		
0x027B	0x00FC      	MOVWF      R12
;__Lib_Math.c,1783 :: 		
0x027C	0x01F8      	CLRF       R8
;__Lib_Math.c,1784 :: 		
0x027D	0x01F9      	CLRF       R9
;__Lib_Math.c,1785 :: 		
0x027E	0x01FA      	CLRF       R10
;__Lib_Math.c,1786 :: 		
0x027F	0x01FB      	CLRF       R11
;__Lib_Math.c,1788 :: 		
_NEXT:
;__Lib_Math.c,1792 :: 		
0x0280	0x03FC      	DECF       R12, 1
;__Lib_Math.c,1793 :: 		
0x0281	0x1903      	BTFSC      STATUS, 2
;__Lib_Math.c,1794 :: 		
0x0282	0x2AAE      	GOTO       _EXIT2
;__Lib_Math.c,1795 :: 		
0x0283	0x1003      	BCF        STATUS, 0
;__Lib_Math.c,1797 :: 		
_LOOP:
;__Lib_Math.c,1806 :: 		
0x0284	0x0CFB      	RRF        R11, 1
;__Lib_Math.c,1807 :: 		
0x0285	0x0CFA      	RRF        R10, 1
;__Lib_Math.c,1808 :: 		
0x0286	0x0CF9      	RRF        R9, 1
;__Lib_Math.c,1809 :: 		
0x0287	0x0CF8      	RRF        R8, 1
;__Lib_Math.c,1810 :: 		
0x0288	0x0CF3      	RRF        R3, 1
;__Lib_Math.c,1811 :: 		
0x0289	0x0CF2      	RRF        R2, 1
;__Lib_Math.c,1812 :: 		
0x028A	0x0CF1      	RRF        R1, 1
;__Lib_Math.c,1813 :: 		
0x028B	0x0CF0      	RRF        R0, 1
;__Lib_Math.c,1818 :: 		
0x028C	0x1C03      	BTFSS      STATUS, 0
;__Lib_Math.c,1819 :: 		
0x028D	0x2A80      	GOTO       _NEXT
;__Lib_Math.c,1820 :: 		
0x028E	0x03FC      	DECF       R12, 1
;__Lib_Math.c,1821 :: 		
0x028F	0x1903      	BTFSC      STATUS, 2
;__Lib_Math.c,1822 :: 		
0x0290	0x2AA0      	GOTO       _EXIT1
;__Lib_Math.c,1829 :: 		
0x0291	0x0874      	MOVF       R4, 0
;__Lib_Math.c,1830 :: 		
0x0292	0x07F8      	ADDWF      R8, 1
;__Lib_Math.c,1831 :: 		
0x0293	0x0875      	MOVF       R5, 0
;__Lib_Math.c,1832 :: 		
0x0294	0x1803      	BTFSC      STATUS, 0
;__Lib_Math.c,1833 :: 		
0x0295	0x0F75      	INCFSZ     R5, 0
;__Lib_Math.c,1834 :: 		
0x0296	0x07F9      	ADDWF      R9, 1
;__Lib_Math.c,1835 :: 		
0x0297	0x0876      	MOVF       R6, 0
;__Lib_Math.c,1836 :: 		
0x0298	0x1803      	BTFSC      STATUS, 0
;__Lib_Math.c,1837 :: 		
0x0299	0x0F76      	INCFSZ     R6, 0
;__Lib_Math.c,1838 :: 		
0x029A	0x07FA      	ADDWF      R10, 1
;__Lib_Math.c,1839 :: 		
0x029B	0x0877      	MOVF       R7, 0
;__Lib_Math.c,1840 :: 		
0x029C	0x1803      	BTFSC      STATUS, 0
;__Lib_Math.c,1841 :: 		
0x029D	0x0F77      	INCFSZ     R7, 0
;__Lib_Math.c,1842 :: 		
0x029E	0x07FB      	ADDWF      R11, 1
;__Lib_Math.c,1844 :: 		
0x029F	0x2A84      	GOTO       _LOOP
;__Lib_Math.c,1846 :: 		
_EXIT1:
;__Lib_Math.c,1851 :: 		
0x02A0	0x0874      	MOVF       R4, 0
;__Lib_Math.c,1852 :: 		
0x02A1	0x07F8      	ADDWF      R8, 1
;__Lib_Math.c,1853 :: 		
0x02A2	0x0875      	MOVF       R5, 0
;__Lib_Math.c,1854 :: 		
0x02A3	0x1803      	BTFSC      STATUS, 0
;__Lib_Math.c,1855 :: 		
0x02A4	0x0F75      	INCFSZ     R5, 0
;__Lib_Math.c,1856 :: 		
0x02A5	0x07F9      	ADDWF      R9, 1
;__Lib_Math.c,1857 :: 		
0x02A6	0x0876      	MOVF       R6, 0
;__Lib_Math.c,1858 :: 		
0x02A7	0x1803      	BTFSC      STATUS, 0
;__Lib_Math.c,1859 :: 		
0x02A8	0x0F76      	INCFSZ     R6, 0
;__Lib_Math.c,1860 :: 		
0x02A9	0x07FA      	ADDWF      R10, 1
;__Lib_Math.c,1861 :: 		
0x02AA	0x0877      	MOVF       R7, 0
;__Lib_Math.c,1862 :: 		
0x02AB	0x1803      	BTFSC      STATUS, 0
;__Lib_Math.c,1863 :: 		
0x02AC	0x0F77      	INCFSZ     R7, 0
;__Lib_Math.c,1864 :: 		
0x02AD	0x07FB      	ADDWF      R11, 1
;__Lib_Math.c,1867 :: 		
_EXIT2:
;__Lib_Math.c,1869 :: 		
L_end_Mul_32x32_U:
0x02AE	0x0008      	RETURN
; end of _Mul_32x32_U
_Div_32x32_S:
;__Lib_Math.c,1084 :: 		
;__Lib_Math.c,1095 :: 		
;__Lib_Math.c,1098 :: 		
0x02AF	0x0874      	MOVF       R4, 0
0x02B0	0x3A00      	XORLW      0
0x02B1	0x1D03      	BTFSS      STATUS, 2
0x02B2	0x2AC8      	GOTO       L_Div_32x32_S6
;__Lib_Math.c,1099 :: 		
0x02B3	0x0875      	MOVF       R5, 0
0x02B4	0x3A00      	XORLW      0
0x02B5	0x1D03      	BTFSS      STATUS, 2
0x02B6	0x2AC8      	GOTO       L_Div_32x32_S7
;__Lib_Math.c,1100 :: 		
0x02B7	0x0876      	MOVF       R6, 0
0x02B8	0x3A00      	XORLW      0
0x02B9	0x1D03      	BTFSS      STATUS, 2
0x02BA	0x2AC8      	GOTO       L_Div_32x32_S8
;__Lib_Math.c,1101 :: 		
0x02BB	0x0877      	MOVF       R7, 0
0x02BC	0x3A00      	XORLW      0
0x02BD	0x1D03      	BTFSS      STATUS, 2
0x02BE	0x2AC8      	GOTO       L_Div_32x32_S9
;__Lib_Math.c,1102 :: 		
0x02BF	0x30FF      	MOVLW      255
0x02C0	0x00F0      	MOVWF      R0
;__Lib_Math.c,1103 :: 		
0x02C1	0x30FF      	MOVLW      255
0x02C2	0x00F1      	MOVWF      R1
;__Lib_Math.c,1104 :: 		
0x02C3	0x30FF      	MOVLW      255
0x02C4	0x00F2      	MOVWF      R2
;__Lib_Math.c,1105 :: 		
0x02C5	0x307F      	MOVLW      127
0x02C6	0x00F3      	MOVWF      R3
;__Lib_Math.c,1106 :: 		
0x02C7	0x2B60      	GOTO       L_end_Div_32x32_S
;__Lib_Math.c,1107 :: 		
L_Div_32x32_S9:
L_Div_32x32_S8:
L_Div_32x32_S7:
L_Div_32x32_S6:
;__Lib_Math.c,1110 :: 		
0x02C8	0x0020      	MOVLB      0
;__Lib_Math.c,1112 :: 		
0x02C9	0x01FC      	CLRF       R12
;__Lib_Math.c,1113 :: 		
0x02CA	0x1BF7      	BTFSC      R7, 7
;__Lib_Math.c,1114 :: 		
0x02CB	0x0AFC      	INCF       R12, 1
;__Lib_Math.c,1116 :: 		
0x02CC	0x01FD      	CLRF       R13
;__Lib_Math.c,1117 :: 		
0x02CD	0x01FB      	CLRF       R11
;__Lib_Math.c,1118 :: 		
0x02CE	0x01FA      	CLRF       R10
;__Lib_Math.c,1119 :: 		
0x02CF	0x01F9      	CLRF       R9
;__Lib_Math.c,1120 :: 		
0x02D0	0x01F8      	CLRF       R8
;__Lib_Math.c,1121 :: 		
0x02D1	0x0873      	MOVF       R3, 0
;__Lib_Math.c,1122 :: 		
0x02D2	0x0472      	IORWF       R2, 0
;__Lib_Math.c,1123 :: 		
0x02D3	0x0471      	IORWF       R1, 0
;__Lib_Math.c,1124 :: 		
0x02D4	0x0470      	IORWF       R0, 0
;__Lib_Math.c,1125 :: 		
0x02D5	0x1903      	BTFSC      STATUS, 2
;__Lib_Math.c,1126 :: 		
0x02D6	0x2B5B      	GOTO       END_ALL
;__Lib_Math.c,1128 :: 		
0x02D7	0x0873      	MOVF       R3, 0
;__Lib_Math.c,1129 :: 		
0x02D8	0x0677      	XORWF      R7, 0
;__Lib_Math.c,1130 :: 		
0x02D9	0x00A0      	MOVWF      ___math_tempb
;__Lib_Math.c,1131 :: 		
0x02DA	0x1BA0      	BTFSC      ___math_tempb, 7
;__Lib_Math.c,1132 :: 		
0x02DB	0x09FD      	COMF       R13, 1
;__Lib_Math.c,1136 :: 		
0x02DC	0x1FF7      	BTFSS      R7, 7
;__Lib_Math.c,1137 :: 		
0x02DD	0x2AE9      	GOTO       CA3232S
;__Lib_Math.c,1139 :: 		
0x02DE	0x09F4      	COMF       R4, 1
;__Lib_Math.c,1140 :: 		
0x02DF	0x09F5      	COMF       R5, 1
;__Lib_Math.c,1141 :: 		
0x02E0	0x09F6      	COMF       R6, 1
;__Lib_Math.c,1142 :: 		
0x02E1	0x09F7      	COMF       R7, 1
;__Lib_Math.c,1143 :: 		
0x02E2	0x0AF4      	INCF       R4, 1
;__Lib_Math.c,1144 :: 		
0x02E3	0x1903      	BTFSC      STATUS, 2
;__Lib_Math.c,1145 :: 		
0x02E4	0x0AF5      	INCF       R5, 1
;__Lib_Math.c,1146 :: 		
0x02E5	0x1903      	BTFSC      STATUS, 2
;__Lib_Math.c,1147 :: 		
0x02E6	0x0AF6      	INCF       R6, 1
;__Lib_Math.c,1148 :: 		
0x02E7	0x1903      	BTFSC      STATUS, 2
;__Lib_Math.c,1149 :: 		
0x02E8	0x0AF7      	INCF       R7, 1
;__Lib_Math.c,1151 :: 		
CA3232S:
;__Lib_Math.c,1152 :: 		
0x02E9	0x1FF3      	BTFSS      R3, 7
;__Lib_Math.c,1153 :: 		
0x02EA	0x2AF6      	GOTO       C3232SX
;__Lib_Math.c,1155 :: 		
0x02EB	0x09F0      	COMF       R0, 1
;__Lib_Math.c,1156 :: 		
0x02EC	0x09F1      	COMF       R1, 1
;__Lib_Math.c,1157 :: 		
0x02ED	0x09F2      	COMF       R2, 1
;__Lib_Math.c,1158 :: 		
0x02EE	0x09F3      	COMF       R3, 1
;__Lib_Math.c,1159 :: 		
0x02EF	0x0AF0      	INCF       R0, 1
;__Lib_Math.c,1160 :: 		
0x02F0	0x1903      	BTFSC      STATUS, 2
;__Lib_Math.c,1161 :: 		
0x02F1	0x0AF1      	INCF       R1, 1
;__Lib_Math.c,1162 :: 		
0x02F2	0x1903      	BTFSC      STATUS, 2
;__Lib_Math.c,1163 :: 		
0x02F3	0x0AF2      	INCF       R2, 1
;__Lib_Math.c,1164 :: 		
0x02F4	0x1903      	BTFSC      STATUS, 2
;__Lib_Math.c,1165 :: 		
0x02F5	0x0AF3      	INCF       R3, 1
;__Lib_Math.c,1167 :: 		
C3232SX:
;__Lib_Math.c,1168 :: 		
0x02F6	0x0873      	MOVF       R3, 0
;__Lib_Math.c,1169 :: 		
0x02F7	0x0477      	IORWF       R7, 0
;__Lib_Math.c,1170 :: 		
0x02F8	0x00A0      	MOVWF      ___math_tempb
;__Lib_Math.c,1171 :: 		
0x02F9	0x1BA0      	BTFSC      ___math_tempb, 7
;__Lib_Math.c,1172 :: 		
0x02FA	0x2B17      	GOTO       C3232SX1
;__Lib_Math.c,1174 :: 		
C3232S:
;__Lib_Math.c,1177 :: 		
0x02FB	0x20A6      	CALL       _SDIV3232L
;__Lib_Math.c,1181 :: 		
0x02FC	0x1BFC      	BTFSC      R12, 7
;__Lib_Math.c,1182 :: 		
0x02FD	0x2B34      	GOTO       C3232SX4
;__Lib_Math.c,1184 :: 		
C3232SOK:
;__Lib_Math.c,1185 :: 		
0x02FE	0x1FFD      	BTFSS      R13, 7
;__Lib_Math.c,1186 :: 		
0x02FF	0x2B5B      	GOTO       END_ALL
;__Lib_Math.c,1188 :: 		
0x0300	0x09F0      	COMF       R0, 1
;__Lib_Math.c,1189 :: 		
0x0301	0x09F1      	COMF       R1, 1
;__Lib_Math.c,1190 :: 		
0x0302	0x09F2      	COMF       R2, 1
;__Lib_Math.c,1191 :: 		
0x0303	0x09F3      	COMF       R3, 1
;__Lib_Math.c,1192 :: 		
0x0304	0x0AF0      	INCF       R0, 1
;__Lib_Math.c,1193 :: 		
0x0305	0x1903      	BTFSC      STATUS, 2
;__Lib_Math.c,1194 :: 		
0x0306	0x0AF1      	INCF       R1, 1
;__Lib_Math.c,1195 :: 		
0x0307	0x1903      	BTFSC      STATUS, 2
;__Lib_Math.c,1196 :: 		
0x0308	0x0AF2      	INCF       R2, 1
;__Lib_Math.c,1197 :: 		
0x0309	0x1903      	BTFSC      STATUS, 2
;__Lib_Math.c,1198 :: 		
0x030A	0x0AF3      	INCF       R3, 1
;__Lib_Math.c,1200 :: 		
0x030B	0x09F8      	COMF       R8, 1
;__Lib_Math.c,1201 :: 		
0x030C	0x09F9      	COMF       R9, 1
;__Lib_Math.c,1202 :: 		
0x030D	0x09FA      	COMF       R10, 1
;__Lib_Math.c,1203 :: 		
0x030E	0x09FB      	COMF       R11, 1
;__Lib_Math.c,1204 :: 		
0x030F	0x0AF8      	INCF       R8, 1
;__Lib_Math.c,1205 :: 		
0x0310	0x1903      	BTFSC      STATUS, 2
;__Lib_Math.c,1206 :: 		
0x0311	0x0AF9      	INCF       R9, 1
;__Lib_Math.c,1207 :: 		
0x0312	0x1903      	BTFSC      STATUS, 2
;__Lib_Math.c,1208 :: 		
0x0313	0x0AFA      	INCF       R10, 1
;__Lib_Math.c,1209 :: 		
0x0314	0x1903      	BTFSC      STATUS, 2
;__Lib_Math.c,1210 :: 		
0x0315	0x0AFB      	INCF       R11, 1
;__Lib_Math.c,1212 :: 		
0x0316	0x2B5B      	GOTO       END_ALL
;__Lib_Math.c,1214 :: 		
C3232SX1:
;__Lib_Math.c,1215 :: 		
0x0317	0x1FF7      	BTFSS      R7, 7
;__Lib_Math.c,1216 :: 		
0x0318	0x2B2E      	GOTO       C3232SX3
;__Lib_Math.c,1217 :: 		
0x0319	0x1BF3      	BTFSC      R3, 7
;__Lib_Math.c,1218 :: 		
0x031A	0x2B28      	GOTO       C3232SX2
;__Lib_Math.c,1219 :: 		
0x031B	0x0873      	MOVF       R3, 0
;__Lib_Math.c,1220 :: 		
0x031C	0x00FB      	MOVWF      R11
;__Lib_Math.c,1221 :: 		
0x031D	0x0872      	MOVF       R2, 0
;__Lib_Math.c,1222 :: 		
0x031E	0x00FA      	MOVWF      R10
;__Lib_Math.c,1223 :: 		
0x031F	0x0871      	MOVF       R1, 0
;__Lib_Math.c,1224 :: 		
0x0320	0x00F9      	MOVWF      R9
;__Lib_Math.c,1225 :: 		
0x0321	0x0870      	MOVF       R0, 0
;__Lib_Math.c,1226 :: 		
0x0322	0x00F8      	MOVWF      R8
;__Lib_Math.c,1227 :: 		
0x0323	0x01F3      	CLRF       R3
;__Lib_Math.c,1228 :: 		
0x0324	0x01F2      	CLRF       R2
;__Lib_Math.c,1229 :: 		
0x0325	0x01F1      	CLRF       R1
;__Lib_Math.c,1230 :: 		
0x0326	0x01F0      	CLRF       R0
;__Lib_Math.c,1231 :: 		
0x0327	0x2AFE      	GOTO       C3232SOK
;__Lib_Math.c,1232 :: 		
C3232SX2:
;__Lib_Math.c,1233 :: 		
0x0328	0x01F3      	CLRF       R3
;__Lib_Math.c,1234 :: 		
0x0329	0x01F2      	CLRF       R2
;__Lib_Math.c,1235 :: 		
0x032A	0x01F1      	CLRF       R1
;__Lib_Math.c,1236 :: 		
0x032B	0x01F0      	CLRF       R0
;__Lib_Math.c,1237 :: 		
0x032C	0x0AF0      	INCF       R0, 1
;__Lib_Math.c,1238 :: 		
0x032D	0x3400      	RETLW      0
;__Lib_Math.c,1240 :: 		
C3232SX3:
;__Lib_Math.c,1241 :: 		
0x032E	0x09F3      	COMF       R3, 1
;__Lib_Math.c,1242 :: 		
0x032F	0x09F2      	COMF       R2, 1
;__Lib_Math.c,1243 :: 		
0x0330	0x09F1      	COMF       R1, 1
;__Lib_Math.c,1244 :: 		
0x0331	0x09F0      	COMF       R0, 1
;__Lib_Math.c,1246 :: 		
0x0332	0x17FC      	BSF        R12, 7
;__Lib_Math.c,1248 :: 		
0x0333	0x2AFB      	GOTO       C3232S
;__Lib_Math.c,1250 :: 		
C3232SX4:
;__Lib_Math.c,1251 :: 		
0x0334	0x0AF8      	INCF       R8, 1
;__Lib_Math.c,1252 :: 		
0x0335	0x1903      	BTFSC      STATUS, 2
;__Lib_Math.c,1253 :: 		
0x0336	0x0AF9      	INCF       R9, 1
;__Lib_Math.c,1254 :: 		
0x0337	0x1903      	BTFSC      STATUS, 2
;__Lib_Math.c,1255 :: 		
0x0338	0x0AFA      	INCF       R10, 1
;__Lib_Math.c,1256 :: 		
0x0339	0x1903      	BTFSC      STATUS, 2
;__Lib_Math.c,1257 :: 		
0x033A	0x0AFB      	INCF       R11, 1
;__Lib_Math.c,1258 :: 		
0x033B	0x0874      	MOVF       R4, 0
;__Lib_Math.c,1259 :: 		
0x033C	0x0278      	SUBWF      R8, 0
;__Lib_Math.c,1260 :: 		
0x033D	0x1D03      	BTFSS      STATUS, 2
;__Lib_Math.c,1261 :: 		
0x033E	0x2AFE      	GOTO       C3232SOK
;__Lib_Math.c,1262 :: 		
0x033F	0x0875      	MOVF       R5, 0
;__Lib_Math.c,1263 :: 		
0x0340	0x0279      	SUBWF      R9, 0
;__Lib_Math.c,1264 :: 		
0x0341	0x1D03      	BTFSS      STATUS, 2
;__Lib_Math.c,1265 :: 		
0x0342	0x2AFE      	GOTO       C3232SOK
;__Lib_Math.c,1266 :: 		
0x0343	0x0876      	MOVF       R6, 0
;__Lib_Math.c,1267 :: 		
0x0344	0x027A      	SUBWF      R10, 0
;__Lib_Math.c,1268 :: 		
0x0345	0x1D03      	BTFSS      STATUS, 2
;__Lib_Math.c,1269 :: 		
0x0346	0x2AFE      	GOTO       C3232SOK
;__Lib_Math.c,1270 :: 		
0x0347	0x0877      	MOVF       R7, 0
;__Lib_Math.c,1271 :: 		
0x0348	0x027B      	SUBWF      R11, 0
;__Lib_Math.c,1272 :: 		
0x0349	0x1D03      	BTFSS      STATUS, 2
;__Lib_Math.c,1273 :: 		
0x034A	0x2AFE      	GOTO       C3232SOK
;__Lib_Math.c,1274 :: 		
0x034B	0x01FB      	CLRF       R11
;__Lib_Math.c,1275 :: 		
0x034C	0x01FA      	CLRF       R10
;__Lib_Math.c,1276 :: 		
0x034D	0x01F9      	CLRF       R9
;__Lib_Math.c,1277 :: 		
0x034E	0x01F8      	CLRF       R8
;__Lib_Math.c,1278 :: 		
0x034F	0x0AF0      	INCF       R0, 1
;__Lib_Math.c,1279 :: 		
0x0350	0x1903      	BTFSC      STATUS, 2
;__Lib_Math.c,1280 :: 		
0x0351	0x0AF1      	INCF       R1, 1
;__Lib_Math.c,1281 :: 		
0x0352	0x1903      	BTFSC      STATUS, 2
;__Lib_Math.c,1282 :: 		
0x0353	0x0AF2      	INCF       R2, 1
;__Lib_Math.c,1283 :: 		
0x0354	0x1903      	BTFSC      STATUS, 2
;__Lib_Math.c,1284 :: 		
0x0355	0x0AF3      	INCF       R3, 1
;__Lib_Math.c,1285 :: 		
0x0356	0x1FF3      	BTFSS      R3, 7
;__Lib_Math.c,1286 :: 		
0x0357	0x2AFE      	GOTO       C3232SOK
;__Lib_Math.c,1287 :: 		
0x0358	0x01A0      	CLRF       ___math_tempb
;__Lib_Math.c,1288 :: 		
0x0359	0x1620      	BSF        ___math_tempb, 4
;__Lib_Math.c,1289 :: 		
0x035A	0x34FF      	RETLW      255
;__Lib_Math.c,1290 :: 		
END_ALL:
;__Lib_Math.c,1291 :: 		
0x035B	0x01A0      	CLRF       ___math_tempb
;__Lib_Math.c,1292 :: 		
0x035C	0x1C7C      	BTFSS      R12, 0
;__Lib_Math.c,1293 :: 		
0x035D	0x2B5F      	GOTO       avoid_comfrem
;__Lib_Math.c,1295 :: 		
0x035E	0x21D2      	CALL       _COMFREM
;__Lib_Math.c,1297 :: 		
avoid_comfrem:
;__Lib_Math.c,1298 :: 		
0x035F	0x3E00      	ADDLW      0
;__Lib_Math.c,1300 :: 		
L_end_Div_32x32_S:
0x0360	0x0008      	RETURN
; end of _Div_32x32_S
_abs:
;__Lib_CStdlib.c,37 :: 		
;__Lib_CStdlib.c,38 :: 		
0x0361	0x3080      	MOVLW      128
0x0362	0x0021      	MOVLB      1
0x0363	0x0621      	XORWF      FARG_abs_a+1, 0
0x0364	0x00F0      	MOVWF      R0
0x0365	0x3080      	MOVLW      128
0x0366	0x0270      	SUBWF      R0, 0
0x0367	0x1D03      	BTFSS      STATUS, 2
0x0368	0x2B6B      	GOTO       L__abs93
0x0369	0x3000      	MOVLW      0
0x036A	0x0220      	SUBWF      FARG_abs_a, 0
L__abs93:
0x036B	0x1803      	BTFSC      STATUS, 0
0x036C	0x2B76      	GOTO       L_abs0
;__Lib_CStdlib.c,39 :: 		
0x036D	0x0820      	MOVF       FARG_abs_a, 0
0x036E	0x3C00      	SUBLW      0
0x036F	0x00F0      	MOVWF      R0
0x0370	0x0821      	MOVF       FARG_abs_a+1, 0
0x0371	0x1C03      	BTFSS      STATUS, 0
0x0372	0x3E01      	ADDLW      1
0x0373	0x01F1      	CLRF       R1
0x0374	0x02F1      	SUBWF      R1, 1
0x0375	0x2B7A      	GOTO       L_end_abs
L_abs0:
;__Lib_CStdlib.c,40 :: 		
0x0376	0x0820      	MOVF       FARG_abs_a, 0
0x0377	0x00F0      	MOVWF      R0
0x0378	0x0821      	MOVF       FARG_abs_a+1, 0
0x0379	0x00F1      	MOVWF      R1
;__Lib_CStdlib.c,41 :: 		
L_end_abs:
0x037A	0x0008      	RETURN
; end of _abs
_IntToStr:
;__Lib_Conversions.c,195 :: 		
;__Lib_Conversions.c,201 :: 		
0x037B	0x0020      	MOVLB      0
0x037C	0x01DF      	CLRF       IntToStr_negative_L0
0x037D	0x01E0      	CLRF       IntToStr_negative_L0+1
;__Lib_Conversions.c,202 :: 		
0x037E	0x0859      	MOVF       FARG_IntToStr_input, 0
0x037F	0x00E1      	MOVWF      IntToStr_inword_L0
0x0380	0x085A      	MOVF       FARG_IntToStr_input+1, 0
0x0381	0x00E2      	MOVWF      IntToStr_inword_L0+1
;__Lib_Conversions.c,203 :: 		
0x0382	0x3080      	MOVLW      128
0x0383	0x065A      	XORWF      FARG_IntToStr_input+1, 0
0x0384	0x00F0      	MOVWF      R0
0x0385	0x3080      	MOVLW      128
0x0386	0x0270      	SUBWF      R0, 0
0x0387	0x1D03      	BTFSS      STATUS, 2
0x0388	0x2B8B      	GOTO       L__IntToStr167
0x0389	0x3000      	MOVLW      0
0x038A	0x0259      	SUBWF      FARG_IntToStr_input, 0
L__IntToStr167:
0x038B	0x1803      	BTFSC      STATUS, 0
0x038C	0x2B99      	GOTO       L_IntToStr37
;__Lib_Conversions.c,204 :: 		
0x038D	0x3001      	MOVLW      1
0x038E	0x00DF      	MOVWF      IntToStr_negative_L0
0x038F	0x3000      	MOVLW      0
0x0390	0x00E0      	MOVWF      IntToStr_negative_L0+1
;__Lib_Conversions.c,205 :: 		
0x0391	0x0859      	MOVF       FARG_IntToStr_input, 0
0x0392	0x3C00      	SUBLW      0
0x0393	0x00E1      	MOVWF      IntToStr_inword_L0
0x0394	0x085A      	MOVF       FARG_IntToStr_input+1, 0
0x0395	0x1C03      	BTFSS      STATUS, 0
0x0396	0x3E01      	ADDLW      1
0x0397	0x01E2      	CLRF       IntToStr_inword_L0+1
0x0398	0x02E2      	SUBWF      IntToStr_inword_L0+1, 1
;__Lib_Conversions.c,206 :: 		
L_IntToStr37:
;__Lib_Conversions.c,207 :: 		
0x0399	0x0861      	MOVF       IntToStr_inword_L0, 0
0x039A	0x0021      	MOVLB      1
0x039B	0x00A0      	MOVWF      FARG_WordToStr_input
0x039C	0x0020      	MOVLB      0
0x039D	0x0862      	MOVF       IntToStr_inword_L0+1, 0
0x039E	0x0021      	MOVLB      1
0x039F	0x00A1      	MOVWF      FARG_WordToStr_input+1
0x03A0	0x0020      	MOVLB      0
0x03A1	0x085B      	MOVF       FARG_IntToStr_output, 0
0x03A2	0x0021      	MOVLB      1
0x03A3	0x00A2      	MOVWF      FARG_WordToStr_output
0x03A4	0x0020      	MOVLB      0
0x03A5	0x085C      	MOVF       FARG_IntToStr_output+1, 0
0x03A6	0x0021      	MOVLB      1
0x03A7	0x00A3      	MOVWF      FARG_WordToStr_output+1
0x03A8	0x222D      	CALL       _WordToStr
;__Lib_Conversions.c,209 :: 		
0x03A9	0x3006      	MOVLW      6
0x03AA	0x0020      	MOVLB      0
0x03AB	0x00DD      	MOVWF      IntToStr_i_L0
0x03AC	0x3000      	MOVLW      0
0x03AD	0x00DE      	MOVWF      IntToStr_i_L0+1
;__Lib_Conversions.c,210 :: 		
L_IntToStr38:
0x03AE	0x085E      	MOVF       IntToStr_i_L0+1, 0
0x03AF	0x3C00      	SUBLW      0
0x03B0	0x1D03      	BTFSS      STATUS, 2
0x03B1	0x2BB4      	GOTO       L__IntToStr168
0x03B2	0x085D      	MOVF       IntToStr_i_L0, 0
0x03B3	0x3C00      	SUBLW      0
L__IntToStr168:
0x03B4	0x1803      	BTFSC      STATUS, 0
0x03B5	0x2BCF      	GOTO       L_IntToStr39
;__Lib_Conversions.c,211 :: 		
0x03B6	0x085D      	MOVF       IntToStr_i_L0, 0
0x03B7	0x075B      	ADDWF      FARG_IntToStr_output, 0
0x03B8	0x0086      	MOVWF      FSR1
0x03B9	0x085E      	MOVF       IntToStr_i_L0+1, 0
0x03BA	0x3D5C      	ADDWFC     FARG_IntToStr_output+1, 0
0x03BB	0x0087      	MOVWF      FSR1H
0x03BC	0x3001      	MOVLW      1
0x03BD	0x025D      	SUBWF      IntToStr_i_L0, 0
0x03BE	0x00F0      	MOVWF      R0
0x03BF	0x3000      	MOVLW      0
0x03C0	0x3B5E      	SUBWFB     IntToStr_i_L0+1, 0
0x03C1	0x00F1      	MOVWF      R1
0x03C2	0x0870      	MOVF       R0, 0
0x03C3	0x075B      	ADDWF      FARG_IntToStr_output, 0
0x03C4	0x0084      	MOVWF      FSR0
0x03C5	0x0871      	MOVF       R1, 0
0x03C6	0x3D5C      	ADDWFC     FARG_IntToStr_output+1, 0
0x03C7	0x0085      	MOVWF      FSR0H
0x03C8	0x0800      	MOVF       INDF0, 0
0x03C9	0x0081      	MOVWF      INDF1
;__Lib_Conversions.c,212 :: 		
0x03CA	0x3001      	MOVLW      1
0x03CB	0x02DD      	SUBWF      IntToStr_i_L0, 1
0x03CC	0x3000      	MOVLW      0
0x03CD	0x3BDE      	SUBWFB     IntToStr_i_L0+1, 1
;__Lib_Conversions.c,213 :: 		
0x03CE	0x2BAE      	GOTO       L_IntToStr38
L_IntToStr39:
;__Lib_Conversions.c,214 :: 		
0x03CF	0x085B      	MOVF       FARG_IntToStr_output, 0
0x03D0	0x0086      	MOVWF      FSR1
0x03D1	0x085C      	MOVF       FARG_IntToStr_output+1, 0
0x03D2	0x0087      	MOVWF      FSR1H
0x03D3	0x3020      	MOVLW      32
0x03D4	0x0081      	MOVWF      INDF1
;__Lib_Conversions.c,215 :: 		
0x03D5	0x085F      	MOVF       IntToStr_negative_L0, 0
0x03D6	0x0460      	IORWF       IntToStr_negative_L0+1, 0
0x03D7	0x1903      	BTFSC      STATUS, 2
0x03D8	0x2BF5      	GOTO       L_IntToStr40
;__Lib_Conversions.c,216 :: 		
0x03D9	0x01DD      	CLRF       IntToStr_i_L0
0x03DA	0x01DE      	CLRF       IntToStr_i_L0+1
;__Lib_Conversions.c,217 :: 		
L_IntToStr41:
0x03DB	0x085D      	MOVF       IntToStr_i_L0, 0
0x03DC	0x075B      	ADDWF      FARG_IntToStr_output, 0
0x03DD	0x0084      	MOVWF      FSR0
0x03DE	0x085E      	MOVF       IntToStr_i_L0+1, 0
0x03DF	0x3D5C      	ADDWFC     FARG_IntToStr_output+1, 0
0x03E0	0x0085      	MOVWF      FSR0H
0x03E1	0x0800      	MOVF       INDF0, 0
0x03E2	0x3A20      	XORLW      32
0x03E3	0x1D03      	BTFSS      STATUS, 2
0x03E4	0x2BE9      	GOTO       L_IntToStr42
0x03E5	0x0ADD      	INCF       IntToStr_i_L0, 1
0x03E6	0x1903      	BTFSC      STATUS, 2
0x03E7	0x0ADE      	INCF       IntToStr_i_L0+1, 1
0x03E8	0x2BDB      	GOTO       L_IntToStr41
L_IntToStr42:
;__Lib_Conversions.c,218 :: 		
0x03E9	0x3001      	MOVLW      1
0x03EA	0x02DD      	SUBWF      IntToStr_i_L0, 1
0x03EB	0x3000      	MOVLW      0
0x03EC	0x3BDE      	SUBWFB     IntToStr_i_L0+1, 1
;__Lib_Conversions.c,219 :: 		
0x03ED	0x085D      	MOVF       IntToStr_i_L0, 0
0x03EE	0x075B      	ADDWF      FARG_IntToStr_output, 0
0x03EF	0x0086      	MOVWF      FSR1
0x03F0	0x085E      	MOVF       IntToStr_i_L0+1, 0
0x03F1	0x3D5C      	ADDWFC     FARG_IntToStr_output+1, 0
0x03F2	0x0087      	MOVWF      FSR1H
0x03F3	0x302D      	MOVLW      45
0x03F4	0x0081      	MOVWF      INDF1
L_IntToStr40:
;__Lib_Conversions.c,220 :: 		
L_end_IntToStr:
0x03F5	0x0008      	RETURN
; end of _IntToStr
_Soft_UART_Init:
;__Lib_SoftUART.c,154 :: 		
;__Lib_SoftUART.c,158 :: 		
0x03F6	0x0020      	MOVLB      0
0x03F7	0x0859      	MOVF       FARG_Soft_UART_Init_port, 0
0x03F8	0x00D6      	MOVWF      __Lib_SoftUART__port_addr
0x03F9	0x085A      	MOVF       FARG_Soft_UART_Init_port+1, 0
0x03FA	0x00D7      	MOVWF      __Lib_SoftUART__port_addr+1
;__Lib_SoftUART.c,159 :: 		
0x03FB	0x085B      	MOVF       FARG_Soft_UART_Init_rx_pin, 0
0x03FC	0x00F0      	MOVWF      R0
0x03FD	0x3001      	MOVLW      1
0x03FE	0x00F2      	MOVWF      R2
0x03FF	0x0870      	MOVF       R0, 0
L__Soft_UART_Init32:
0x0400	0x1903      	BTFSC      STATUS, 2
0x0401	0x2C05      	GOTO       L__Soft_UART_Init33
0x0402	0x35F2      	LSLF       R2, 1
0x0403	0x3EFF      	ADDLW      255
0x0404	0x2C00      	GOTO       L__Soft_UART_Init32
L__Soft_UART_Init33:
0x0405	0x0872      	MOVF       R2, 0
0x0406	0x00D3      	MOVWF      __Lib_SoftUART__rx_mask1
;__Lib_SoftUART.c,160 :: 		
0x0407	0x0972      	COMF       R2, 0
0x0408	0x00D0      	MOVWF      __Lib_SoftUART__rx_mask0
;__Lib_SoftUART.c,161 :: 		
0x0409	0x085C      	MOVF       FARG_Soft_UART_Init_tx_pin, 0
0x040A	0x00F1      	MOVWF      R1
0x040B	0x3001      	MOVLW      1
0x040C	0x00F0      	MOVWF      R0
0x040D	0x0871      	MOVF       R1, 0
L__Soft_UART_Init34:
0x040E	0x1903      	BTFSC      STATUS, 2
0x040F	0x2C13      	GOTO       L__Soft_UART_Init35
0x0410	0x35F0      	LSLF       R0, 1
0x0411	0x3EFF      	ADDLW      255
0x0412	0x2C0E      	GOTO       L__Soft_UART_Init34
L__Soft_UART_Init35:
0x0413	0x0870      	MOVF       R0, 0
0x0414	0x00D5      	MOVWF      __Lib_SoftUART__tx_mask1
;__Lib_SoftUART.c,162 :: 		
0x0415	0x09F0      	COMF       R0, 1
0x0416	0x0870      	MOVF       R0, 0
0x0417	0x00D4      	MOVWF      __Lib_SoftUART__tx_mask0
;__Lib_SoftUART.c,165 :: 		
0x0418	0x3080      	MOVLW      128
0x0419	0x0759      	ADDWF      FARG_Soft_UART_Init_port, 0
0x041A	0x0084      	MOVWF      FSR0
0x041B	0x3000      	MOVLW      0
0x041C	0x3D5A      	ADDWFC     FARG_Soft_UART_Init_port+1, 0
0x041D	0x0085      	MOVWF      FSR0H
;__Lib_SoftUART.c,166 :: 		
0x041E	0x0872      	MOVF       R2, 0
0x041F	0x0480      	IORWF       INDF0, 1
;__Lib_SoftUART.c,169 :: 		
0x0420	0x0870      	MOVF       R0, 0
0x0421	0x0580      	ANDWF      INDF0, 1
;__Lib_SoftUART.c,171 :: 		
0x0422	0x01D8      	CLRF       __Lib_SoftUART_InvertMaskRd
;__Lib_SoftUART.c,172 :: 		
0x0423	0x0861      	MOVF       FARG_Soft_UART_Init_inverted, 0
0x0424	0x1903      	BTFSC      STATUS, 2
0x0425	0x2C27      	GOTO       L_Soft_UART_Init21
;__Lib_SoftUART.c,173 :: 		
0x0426	0x09D8      	COMF       __Lib_SoftUART_InvertMaskRd, 1
L_Soft_UART_Init21:
;__Lib_SoftUART.c,176 :: 		
0x0427	0x3080      	MOVLW      128
0x0428	0x0284      	SUBWF      FSR0, 1
;__Lib_SoftUART.c,177 :: 		
0x0429	0x0858      	MOVF       __Lib_SoftUART_InvertMaskRd, 0
0x042A	0x3A00      	XORLW      0
0x042B	0x1903      	BTFSC      STATUS, 2
0x042C	0x2C30      	GOTO       L_Soft_UART_Init22
;__Lib_SoftUART.c,179 :: 		
0x042D	0x0854      	MOVF       __Lib_SoftUART__tx_mask0, 0
0x042E	0x0580      	ANDWF      INDF0, 1
0x042F	0x2C32      	GOTO       L_Soft_UART_Init23
L_Soft_UART_Init22:
;__Lib_SoftUART.c,182 :: 		
0x0430	0x0855      	MOVF       __Lib_SoftUART__tx_mask1, 0
0x0431	0x0480      	IORWF       INDF0, 1
L_Soft_UART_Init23:
;__Lib_SoftUART.c,184 :: 		
0x0432	0x21F0      	CALL       _Get_Fosc_kHz
0x0433	0x30E8      	MOVLW      232
0x0434	0x00F4      	MOVWF      R4
0x0435	0x3003      	MOVLW      3
0x0436	0x00F5      	MOVWF      R5
0x0437	0x01F6      	CLRF       R6
0x0438	0x01F7      	CLRF       R7
0x0439	0x2279      	CALL       _Mul_32x32_U
0x043A	0x0870      	MOVF       R0, 0
0x043B	0x00EC      	MOVWF      FLOC__Soft_UART_Init
0x043C	0x0871      	MOVF       R1, 0
0x043D	0x00ED      	MOVWF      FLOC__Soft_UART_Init+1
0x043E	0x0872      	MOVF       R2, 0
0x043F	0x00EE      	MOVWF      FLOC__Soft_UART_Init+2
0x0440	0x0873      	MOVF       R3, 0
0x0441	0x00EF      	MOVWF      FLOC__Soft_UART_Init+3
0x0442	0x086C      	MOVF       FLOC__Soft_UART_Init, 0
0x0443	0x00E2      	MOVWF      Soft_UART_Init_q1_L0
0x0444	0x086D      	MOVF       FLOC__Soft_UART_Init+1, 0
0x0445	0x00E3      	MOVWF      Soft_UART_Init_q1_L0+1
0x0446	0x086E      	MOVF       FLOC__Soft_UART_Init+2, 0
0x0447	0x00E4      	MOVWF      Soft_UART_Init_q1_L0+2
0x0448	0x086F      	MOVF       FLOC__Soft_UART_Init+3, 0
0x0449	0x00E5      	MOVWF      Soft_UART_Init_q1_L0+3
;__Lib_SoftUART.c,185 :: 		
0x044A	0x085D      	MOVF       FARG_Soft_UART_Init_baud_rate, 0
0x044B	0x00F0      	MOVWF      R0
0x044C	0x085E      	MOVF       FARG_Soft_UART_Init_baud_rate+1, 0
0x044D	0x00F1      	MOVWF      R1
0x044E	0x085F      	MOVF       FARG_Soft_UART_Init_baud_rate+2, 0
0x044F	0x00F2      	MOVWF      R2
0x0450	0x0860      	MOVF       FARG_Soft_UART_Init_baud_rate+3, 0
0x0451	0x00F3      	MOVWF      R3
0x0452	0x35F0      	LSLF       R0, 1
0x0453	0x0DF1      	RLF        R1, 1
0x0454	0x0DF2      	RLF        R2, 1
0x0455	0x0DF3      	RLF        R3, 1
0x0456	0x35F0      	LSLF       R0, 1
0x0457	0x0DF1      	RLF        R1, 1
0x0458	0x0DF2      	RLF        R2, 1
0x0459	0x0DF3      	RLF        R3, 1
0x045A	0x300A      	MOVLW      10
0x045B	0x00F4      	MOVWF      R4
0x045C	0x01F5      	CLRF       R5
0x045D	0x01F6      	CLRF       R6
0x045E	0x01F7      	CLRF       R7
0x045F	0x2279      	CALL       _Mul_32x32_U
0x0460	0x0870      	MOVF       R0, 0
0x0461	0x00E6      	MOVWF      Soft_UART_Init_q2_L0
0x0462	0x0871      	MOVF       R1, 0
0x0463	0x00E7      	MOVWF      Soft_UART_Init_q2_L0+1
0x0464	0x0872      	MOVF       R2, 0
0x0465	0x00E8      	MOVWF      Soft_UART_Init_q2_L0+2
0x0466	0x0873      	MOVF       R3, 0
0x0467	0x00E9      	MOVWF      Soft_UART_Init_q2_L0+3
;__Lib_SoftUART.c,188 :: 		
0x0468	0x0870      	MOVF       R0, 0
0x0469	0x00F4      	MOVWF      R4
0x046A	0x0871      	MOVF       R1, 0
0x046B	0x00F5      	MOVWF      R5
0x046C	0x0872      	MOVF       R2, 0
0x046D	0x00F6      	MOVWF      R6
0x046E	0x0873      	MOVF       R3, 0
0x046F	0x00F7      	MOVWF      R7
0x0470	0x086C      	MOVF       FLOC__Soft_UART_Init, 0
0x0471	0x00F0      	MOVWF      R0
0x0472	0x086D      	MOVF       FLOC__Soft_UART_Init+1, 0
0x0473	0x00F1      	MOVWF      R1
0x0474	0x086E      	MOVF       FLOC__Soft_UART_Init+2, 0
0x0475	0x00F2      	MOVWF      R2
0x0476	0x086F      	MOVF       FLOC__Soft_UART_Init+3, 0
0x0477	0x00F3      	MOVWF      R3
0x0478	0x22AF      	CALL       _Div_32x32_S
0x0479	0x0870      	MOVF       R0, 0
0x047A	0x00EA      	MOVWF      Soft_UART_Init_temp_word_L0
0x047B	0x0871      	MOVF       R1, 0
0x047C	0x00EB      	MOVWF      Soft_UART_Init_temp_word_L0+1
;__Lib_SoftUART.c,189 :: 		
0x047D	0x0871      	MOVF       R1, 0
0x047E	0x00F4      	MOVWF      R4
0x047F	0x01F5      	CLRF       R5
0x0480	0x0874      	MOVF       R4, 0
0x0481	0x0475      	IORWF       R5, 0
0x0482	0x1903      	BTFSC      STATUS, 2
0x0483	0x2C87      	GOTO       L_Soft_UART_Init24
;__Lib_SoftUART.c,190 :: 		
0x0484	0x3002      	MOVLW      2
0x0485	0x00F0      	MOVWF      R0
0x0486	0x2CD8      	GOTO       L_end_Soft_UART_Init
L_Soft_UART_Init24:
;__Lib_SoftUART.c,192 :: 		
0x0487	0x086A      	MOVF       Soft_UART_Init_temp_word_L0, 0
0x0488	0x00D2      	MOVWF      __Lib_SoftUART_FullBit
;__Lib_SoftUART.c,193 :: 		
0x0489	0x0866      	MOVF       Soft_UART_Init_q2_L0, 0
0x048A	0x00F4      	MOVWF      R4
0x048B	0x0867      	MOVF       Soft_UART_Init_q2_L0+1, 0
0x048C	0x00F5      	MOVWF      R5
0x048D	0x0868      	MOVF       Soft_UART_Init_q2_L0+2, 0
0x048E	0x00F6      	MOVWF      R6
0x048F	0x0869      	MOVF       Soft_UART_Init_q2_L0+3, 0
0x0490	0x00F7      	MOVWF      R7
0x0491	0x0862      	MOVF       Soft_UART_Init_q1_L0, 0
0x0492	0x00F0      	MOVWF      R0
0x0493	0x0863      	MOVF       Soft_UART_Init_q1_L0+1, 0
0x0494	0x00F1      	MOVWF      R1
0x0495	0x0864      	MOVF       Soft_UART_Init_q1_L0+2, 0
0x0496	0x00F2      	MOVWF      R2
0x0497	0x0865      	MOVF       Soft_UART_Init_q1_L0+3, 0
0x0498	0x00F3      	MOVWF      R3
0x0499	0x22AF      	CALL       _Div_32x32_S
0x049A	0x0878      	MOVF       R8, 0
0x049B	0x00F0      	MOVWF      R0
0x049C	0x0879      	MOVF       R9, 0
0x049D	0x00F1      	MOVWF      R1
0x049E	0x087A      	MOVF       R10, 0
0x049F	0x00F2      	MOVWF      R2
0x04A0	0x087B      	MOVF       R11, 0
0x04A1	0x00F3      	MOVWF      R3
0x04A2	0x0870      	MOVF       R0, 0
0x04A3	0x00E2      	MOVWF      Soft_UART_Init_q1_L0
0x04A4	0x0871      	MOVF       R1, 0
0x04A5	0x00E3      	MOVWF      Soft_UART_Init_q1_L0+1
0x04A6	0x0872      	MOVF       R2, 0
0x04A7	0x00E4      	MOVWF      Soft_UART_Init_q1_L0+2
0x04A8	0x0873      	MOVF       R3, 0
0x04A9	0x00E5      	MOVWF      Soft_UART_Init_q1_L0+3
;__Lib_SoftUART.c,195 :: 		
0x04AA	0x0866      	MOVF       Soft_UART_Init_q2_L0, 0
0x04AB	0x00F5      	MOVWF      R5
0x04AC	0x0867      	MOVF       Soft_UART_Init_q2_L0+1, 0
0x04AD	0x00F6      	MOVWF      R6
0x04AE	0x0868      	MOVF       Soft_UART_Init_q2_L0+2, 0
0x04AF	0x00F7      	MOVWF      R7
0x04B0	0x0869      	MOVF       Soft_UART_Init_q2_L0+3, 0
0x04B1	0x00F8      	MOVWF      R8
0x04B2	0x37F8      	ASRF       R8, 1
0x04B3	0x0CF7      	RRF        R7, 1
0x04B4	0x0CF6      	RRF        R6, 1
0x04B5	0x0CF5      	RRF        R5, 1
0x04B6	0x3080      	MOVLW      128
0x04B7	0x0678      	XORWF      R8, 0
0x04B8	0x00F4      	MOVWF      R4
0x04B9	0x3080      	MOVLW      128
0x04BA	0x0673      	XORWF      R3, 0
0x04BB	0x0274      	SUBWF      R4, 0
0x04BC	0x1D03      	BTFSS      STATUS, 2
0x04BD	0x2CC8      	GOTO       L__Soft_UART_Init36
0x04BE	0x0872      	MOVF       R2, 0
0x04BF	0x0277      	SUBWF      R7, 0
0x04C0	0x1D03      	BTFSS      STATUS, 2
0x04C1	0x2CC8      	GOTO       L__Soft_UART_Init36
0x04C2	0x0871      	MOVF       R1, 0
0x04C3	0x0276      	SUBWF      R6, 0
0x04C4	0x1D03      	BTFSS      STATUS, 2
0x04C5	0x2CC8      	GOTO       L__Soft_UART_Init36
0x04C6	0x0870      	MOVF       R0, 0
0x04C7	0x0275      	SUBWF      R5, 0
L__Soft_UART_Init36:
0x04C8	0x1803      	BTFSC      STATUS, 0
0x04C9	0x2CCB      	GOTO       L_Soft_UART_Init25
;__Lib_SoftUART.c,196 :: 		
0x04CA	0x0AD2      	INCF       __Lib_SoftUART_FullBit, 1
L_Soft_UART_Init25:
;__Lib_SoftUART.c,198 :: 		
0x04CB	0x0852      	MOVF       __Lib_SoftUART_FullBit, 0
0x04CC	0x00F1      	MOVWF      R1
0x04CD	0x36F1      	LSRF       R1, 1
0x04CE	0x0871      	MOVF       R1, 0
0x04CF	0x00D1      	MOVWF      __Lib_SoftUART_HalfBit
;__Lib_SoftUART.c,200 :: 		
0x04D0	0x3007      	MOVLW      7
0x04D1	0x0271      	SUBWF      R1, 0
0x04D2	0x1803      	BTFSC      STATUS, 0
0x04D3	0x2CD7      	GOTO       L_Soft_UART_Init26
;__Lib_SoftUART.c,201 :: 		
0x04D4	0x3001      	MOVLW      1
0x04D5	0x00F0      	MOVWF      R0
0x04D6	0x2CD8      	GOTO       L_end_Soft_UART_Init
L_Soft_UART_Init26:
;__Lib_SoftUART.c,203 :: 		
0x04D7	0x01F0      	CLRF       R0
;__Lib_SoftUART.c,204 :: 		
L_end_Soft_UART_Init:
0x04D8	0x0008      	RETURN
; end of _Soft_UART_Init
_strlen:
;__Lib_CString.c,136 :: 		
;__Lib_CString.c,139 :: 		
0x04D9	0x0020      	MOVLB      0
0x04DA	0x0859      	MOVF       FARG_strlen_s, 0
0x04DB	0x00F2      	MOVWF      R2
0x04DC	0x085A      	MOVF       FARG_strlen_s+1, 0
0x04DD	0x00F3      	MOVWF      R2+1
;__Lib_CString.c,140 :: 		
L_strlen36:
0x04DE	0x0872      	MOVF       R2, 0
0x04DF	0x00F0      	MOVWF      R0
0x04E0	0x0873      	MOVF       R2+1, 0
0x04E1	0x00F1      	MOVWF      R1
0x04E2	0x0AF2      	INCF       R2, 1
0x04E3	0x1903      	BTFSC      STATUS, 2
0x04E4	0x0AF3      	INCF       R2+1, 1
0x04E5	0x0870      	MOVF       R0, 0
0x04E6	0x0084      	MOVWF      FSR0
0x04E7	0x0871      	MOVF       R1, 0
0x04E8	0x0085      	MOVWF      FSR0H
0x04E9	0x0800      	MOVF       INDF0, 0
0x04EA	0x1903      	BTFSC      STATUS, 2
0x04EB	0x2CED      	GOTO       L_strlen37
;__Lib_CString.c,141 :: 		
0x04EC	0x2CDE      	GOTO       L_strlen36
L_strlen37:
;__Lib_CString.c,142 :: 		
0x04ED	0x0859      	MOVF       FARG_strlen_s, 0
0x04EE	0x0272      	SUBWF      R2, 0
0x04EF	0x00F0      	MOVWF      R0
0x04F0	0x085A      	MOVF       FARG_strlen_s+1, 0
0x04F1	0x3B73      	SUBWFB     R2+1, 0
0x04F2	0x00F1      	MOVWF      R1
0x04F3	0x3001      	MOVLW      1
0x04F4	0x02F0      	SUBWF      R0, 1
0x04F5	0x3000      	MOVLW      0
0x04F6	0x3BF1      	SUBWFB     R1, 1
;__Lib_CString.c,143 :: 		
L_end_strlen:
0x04F7	0x0008      	RETURN
; end of _strlen
_PWM1_Start:
;__Lib_PWM_a2.c,22 :: 		
;__Lib_PWM_a2.c,23 :: 		
0x04F8	0x0021      	MOVLB      1
0x04F9	0x110C      	BCF        TRISA2_bit, BitPos(TRISA2_bit+0)
;__Lib_PWM_a2.c,24 :: 		
0x04FA	0x0020      	MOVLB      0
0x04FB	0x151C      	BSF        T2CON, 2
;__Lib_PWM_a2.c,25 :: 		
0x04FC	0x300C      	MOVLW      12
0x04FD	0x0025      	MOVLB      5
0x04FE	0x0493      	IORWF       CCP1CON, 1
;__Lib_PWM_a2.c,26 :: 		
L_end_PWM1_Start:
0x04FF	0x0008      	RETURN
; end of _PWM1_Start
_M_control:
;SmartMotorDriver.c,64 :: 		void M_control(int ctr) //motor control function
;SmartMotorDriver.c,66 :: 		if(abs(ctr) > 255)  //if the value is bigger than 8 bits...
0x0500	0x0020      	MOVLB      0
0x0501	0x0859      	MOVF       FARG_M_control_ctr, 0
0x0502	0x0021      	MOVLB      1
0x0503	0x00A0      	MOVWF      FARG_abs_a
0x0504	0x0020      	MOVLB      0
0x0505	0x085A      	MOVF       FARG_M_control_ctr+1, 0
0x0506	0x0021      	MOVLB      1
0x0507	0x00A1      	MOVWF      FARG_abs_a+1
0x0508	0x2361      	CALL       _abs
0x0509	0x3080      	MOVLW      128
0x050A	0x00F2      	MOVWF      R2
0x050B	0x3080      	MOVLW      128
0x050C	0x0671      	XORWF      R1, 0
0x050D	0x0272      	SUBWF      R2, 0
0x050E	0x1D03      	BTFSS      STATUS, 2
0x050F	0x2D12      	GOTO       L__M_control21
0x0510	0x0870      	MOVF       R0, 0
0x0511	0x3CFF      	SUBLW      255
L__M_control21:
0x0512	0x1803      	BTFSC      STATUS, 0
0x0513	0x2D15      	GOTO       L_M_control10
;SmartMotorDriver.c,68 :: 		return;   //exit function
0x0514	0x2D48      	GOTO       L_end_M_control
;SmartMotorDriver.c,69 :: 		}
L_M_control10:
;SmartMotorDriver.c,72 :: 		if (ctr == 0) //stop the motor
0x0515	0x3000      	MOVLW      0
0x0516	0x0020      	MOVLB      0
0x0517	0x065A      	XORWF      FARG_M_control_ctr+1, 0
0x0518	0x1D03      	BTFSS      STATUS, 2
0x0519	0x2D1C      	GOTO       L__M_control22
0x051A	0x3000      	MOVLW      0
0x051B	0x0659      	XORWF      FARG_M_control_ctr, 0
L__M_control22:
0x051C	0x1D03      	BTFSS      STATUS, 2
0x051D	0x2D22      	GOTO       L_M_control12
;SmartMotorDriver.c,74 :: 		PWM1_set_duty(ctr);
0x051E	0x0859      	MOVF       FARG_M_control_ctr, 0
0x051F	0x0021      	MOVLB      1
0x0520	0x00A0      	MOVWF      FARG_PWM1_Set_Duty_new_duty
0x0521	0x21F7      	CALL       _PWM1_Set_Duty
;SmartMotorDriver.c,75 :: 		}
L_M_control12:
;SmartMotorDriver.c,76 :: 		if (ctr < 0)  //clockwise turn set and set the pwm duty
0x0522	0x3080      	MOVLW      128
0x0523	0x0020      	MOVLB      0
0x0524	0x065A      	XORWF      FARG_M_control_ctr+1, 0
0x0525	0x00F0      	MOVWF      R0
0x0526	0x3080      	MOVLW      128
0x0527	0x0270      	SUBWF      R0, 0
0x0528	0x1D03      	BTFSS      STATUS, 2
0x0529	0x2D2C      	GOTO       L__M_control23
0x052A	0x3000      	MOVLW      0
0x052B	0x0259      	SUBWF      FARG_M_control_ctr, 0
L__M_control23:
0x052C	0x1803      	BTFSC      STATUS, 0
0x052D	0x2D35      	GOTO       L_M_control13
;SmartMotorDriver.c,78 :: 		LATA.f0 = 0;
0x052E	0x0022      	MOVLB      2
0x052F	0x100C      	BCF        LATA, 0
;SmartMotorDriver.c,79 :: 		PWM1_set_duty(ctr);
0x0530	0x0020      	MOVLB      0
0x0531	0x0859      	MOVF       FARG_M_control_ctr, 0
0x0532	0x0021      	MOVLB      1
0x0533	0x00A0      	MOVWF      FARG_PWM1_Set_Duty_new_duty
0x0534	0x21F7      	CALL       _PWM1_Set_Duty
;SmartMotorDriver.c,80 :: 		}
L_M_control13:
;SmartMotorDriver.c,81 :: 		if (ctr > 0)  //counter clockwise turn set and set the pwm duty
0x0535	0x3080      	MOVLW      128
0x0536	0x00F0      	MOVWF      R0
0x0537	0x3080      	MOVLW      128
0x0538	0x0020      	MOVLB      0
0x0539	0x065A      	XORWF      FARG_M_control_ctr+1, 0
0x053A	0x0270      	SUBWF      R0, 0
0x053B	0x1D03      	BTFSS      STATUS, 2
0x053C	0x2D3F      	GOTO       L__M_control24
0x053D	0x0859      	MOVF       FARG_M_control_ctr, 0
0x053E	0x3C00      	SUBLW      0
L__M_control24:
0x053F	0x1803      	BTFSC      STATUS, 0
0x0540	0x2D48      	GOTO       L_M_control14
;SmartMotorDriver.c,83 :: 		LATA.f0 = 1;
0x0541	0x0022      	MOVLB      2
0x0542	0x140C      	BSF        LATA, 0
;SmartMotorDriver.c,84 :: 		PWM1_set_duty(ctr);
0x0543	0x0020      	MOVLB      0
0x0544	0x0859      	MOVF       FARG_M_control_ctr, 0
0x0545	0x0021      	MOVLB      1
0x0546	0x00A0      	MOVWF      FARG_PWM1_Set_Duty_new_duty
0x0547	0x21F7      	CALL       _PWM1_Set_Duty
;SmartMotorDriver.c,85 :: 		}
L_M_control14:
;SmartMotorDriver.c,87 :: 		}
L_end_M_control:
0x0548	0x0008      	RETURN
; end of _M_control
___CC2DW:
;__Lib_System.c,71 :: 		
;__Lib_System.c,73 :: 		
_CC2DL_Loop1:
;__Lib_System.c,74 :: 		
0x0549	0x0012      	MOVIW      FSR0++ 
;__Lib_System.c,75 :: 		
0x054A	0x001E      	MOVWI      FSR1++ 
;__Lib_System.c,76 :: 		
0x054B	0x03F0      	DECF       R0, 1
;__Lib_System.c,77 :: 		
0x054C	0x1D03      	BTFSS      STATUS, 2
;__Lib_System.c,78 :: 		
0x054D	0x2D49      	GOTO       _CC2DL_Loop1
;__Lib_System.c,79 :: 		
0x054E	0x03F1      	DECF       R1, 1
;__Lib_System.c,80 :: 		
0x054F	0x1D03      	BTFSS      STATUS, 2
;__Lib_System.c,81 :: 		
0x0550	0x2D49      	GOTO       _CC2DL_Loop1
;__Lib_System.c,83 :: 		
L_end___CC2DW:
0x0551	0x0008      	RETURN
; end of ___CC2DW
_Soft_UART_Write:
;__Lib_SoftUART.c,104 :: 		
;__Lib_SoftUART.c,106 :: 		
0x0552	0x3001      	MOVLW      1
0x0553	0x0020      	MOVLB      0
0x0554	0x00DA      	MOVWF      Soft_UART_Write_mask_L0
;__Lib_SoftUART.c,107 :: 		
0x0555	0x0858      	MOVF       __Lib_SoftUART_InvertMaskRd, 0
0x0556	0x06D9      	XORWF      FARG_Soft_UART_Write_udata, 1
;__Lib_SoftUART.c,109 :: 		
0x0557	0x0856      	MOVF       __Lib_SoftUART__port_addr, 0
0x0558	0x0084      	MOVWF      FSR0
0x0559	0x0857      	MOVF       __Lib_SoftUART__port_addr+1, 0
0x055A	0x0085      	MOVWF      FSR0H
;__Lib_SoftUART.c,112 :: 		
0x055B	0x0858      	MOVF       __Lib_SoftUART_InvertMaskRd, 0
0x055C	0x3A00      	XORLW      0
0x055D	0x1903      	BTFSC      STATUS, 2
0x055E	0x2D62      	GOTO       L_Soft_UART_Write13
;__Lib_SoftUART.c,114 :: 		
0x055F	0x0855      	MOVF       __Lib_SoftUART__tx_mask1, 0
0x0560	0x0480      	IORWF       INDF0, 1
0x0561	0x2D64      	GOTO       L_Soft_UART_Write14
L_Soft_UART_Write13:
;__Lib_SoftUART.c,117 :: 		
0x0562	0x0854      	MOVF       __Lib_SoftUART__tx_mask0, 0
0x0563	0x0580      	ANDWF      INDF0, 1
L_Soft_UART_Write14:
;__Lib_SoftUART.c,119 :: 		
0x0564	0x0852      	MOVF       __Lib_SoftUART_FullBit, 0
0x0565	0x0021      	MOVLB      1
0x0566	0x00A0      	MOVWF      FARG_Delay_Cyc_cycles_div_by_10
0x0567	0x21DE      	CALL       _Delay_Cyc
;__Lib_SoftUART.c,121 :: 		
0x0568	0x0020      	MOVLB      0
0x0569	0x09D9      	COMF       FARG_Soft_UART_Write_udata, 1
;__Lib_SoftUART.c,123 :: 		
L_Soft_UART_Write15:
0x056A	0x0020      	MOVLB      0
0x056B	0x085A      	MOVF       Soft_UART_Write_mask_L0, 0
0x056C	0x1903      	BTFSC      STATUS, 2
0x056D	0x2D85      	GOTO       L_Soft_UART_Write16
;__Lib_SoftUART.c,125 :: 		
0x056E	0x085A      	MOVF       Soft_UART_Write_mask_L0, 0
0x056F	0x0559      	ANDWF      FARG_Soft_UART_Write_udata, 0
0x0570	0x00F0      	MOVWF      R0
0x0571	0x1D03      	BTFSS      STATUS, 2
0x0572	0x2D76      	GOTO       L_Soft_UART_Write17
;__Lib_SoftUART.c,126 :: 		
0x0573	0x0855      	MOVF       __Lib_SoftUART__tx_mask1, 0
0x0574	0x0480      	IORWF       INDF0, 1
0x0575	0x2D78      	GOTO       L_Soft_UART_Write18
L_Soft_UART_Write17:
;__Lib_SoftUART.c,128 :: 		
0x0576	0x0854      	MOVF       __Lib_SoftUART__tx_mask0, 0
0x0577	0x0580      	ANDWF      INDF0, 1
L_Soft_UART_Write18:
;__Lib_SoftUART.c,130 :: 		
0x0578	0x35DA      	LSLF       Soft_UART_Write_mask_L0, 1
;__Lib_SoftUART.c,133 :: 		
0x0579	0x3002      	MOVLW      2
0x057A	0x0252      	SUBWF      __Lib_SoftUART_FullBit, 0
0x057B	0x0021      	MOVLB      1
0x057C	0x00A0      	MOVWF      FARG_Delay_Cyc_cycles_div_by_10
0x057D	0x21DE      	CALL       _Delay_Cyc
;__Lib_SoftUART.c,134 :: 		
0x057E	0x0000      	NOP
;__Lib_SoftUART.c,135 :: 		
0x057F	0x0000      	NOP
;__Lib_SoftUART.c,136 :: 		
0x0580	0x0000      	NOP
;__Lib_SoftUART.c,137 :: 		
0x0581	0x0000      	NOP
;__Lib_SoftUART.c,138 :: 		
0x0582	0x0000      	NOP
;__Lib_SoftUART.c,139 :: 		
0x0583	0x0000      	NOP
;__Lib_SoftUART.c,140 :: 		
0x0584	0x2D6A      	GOTO       L_Soft_UART_Write15
L_Soft_UART_Write16:
;__Lib_SoftUART.c,142 :: 		
0x0585	0x0020      	MOVLB      0
0x0586	0x0858      	MOVF       __Lib_SoftUART_InvertMaskRd, 0
0x0587	0x3A00      	XORLW      0
0x0588	0x1903      	BTFSC      STATUS, 2
0x0589	0x2D8D      	GOTO       L_Soft_UART_Write19
;__Lib_SoftUART.c,144 :: 		
0x058A	0x0854      	MOVF       __Lib_SoftUART__tx_mask0, 0
0x058B	0x0580      	ANDWF      INDF0, 1
0x058C	0x2D8F      	GOTO       L_Soft_UART_Write20
L_Soft_UART_Write19:
;__Lib_SoftUART.c,147 :: 		
0x058D	0x0855      	MOVF       __Lib_SoftUART__tx_mask1, 0
0x058E	0x0480      	IORWF       INDF0, 1
L_Soft_UART_Write20:
;__Lib_SoftUART.c,149 :: 		
0x058F	0x0852      	MOVF       __Lib_SoftUART_FullBit, 0
0x0590	0x0021      	MOVLB      1
0x0591	0x00A0      	MOVWF      FARG_Delay_Cyc_cycles_div_by_10
0x0592	0x21DE      	CALL       _Delay_Cyc
;__Lib_SoftUART.c,151 :: 		
L_end_Soft_UART_Write:
0x0593	0x0008      	RETURN
; end of _Soft_UART_Write
_PWM1_Init:
;__Lib_PWM_a2.c,4 :: 		
;__Lib_PWM_a2.c,5 :: 		
;__Lib_PWM_a2.c,6 :: 		
0x0594	0x0025      	MOVLB      5
0x0595	0x0191      	CLRF       CCPR1L
;__Lib_PWM_a2.c,7 :: 		
0x0596	0x1213      	BCF        CCP1CON, 4
;__Lib_PWM_a2.c,8 :: 		
0x0597	0x1293      	BCF        CCP1CON, 5
;__Lib_PWM_a2.c,9 :: 		
L_end_PWM1_Init:
0x0598	0x0008      	RETURN
; end of _PWM1_Init
_main:
0x0599	0x0020      	MOVLB      0
0x059A	0x01AC      	CLRF       _rpm
0x059B	0x01AD      	CLRF       45
0x059C	0x01AE      	CLRF       _counter
0x059D	0x01AF      	CLRF       47
;SmartMotorDriver.c,29 :: 		void main()
;SmartMotorDriver.c,31 :: 		OSCCON = 0b11110000; //configure internal oscilator fro 32Mhz
0x059E	0x30F0      	MOVLW      240
0x059F	0x0021      	MOVLB      1
0x05A0	0x0099      	MOVWF      OSCCON
;SmartMotorDriver.c,32 :: 		TRISA = 0b00011100;  //configure IO
0x05A1	0x301C      	MOVLW      28
0x05A2	0x008C      	MOVWF      TRISA
;SmartMotorDriver.c,33 :: 		ANSELA = 0b00000000; //analog functions of pins disabled
0x05A3	0x0023      	MOVLB      3
0x05A4	0x018C      	CLRF       ANSELA
;SmartMotorDriver.c,34 :: 		WPUA = 0b00011110;   //configure weak pull-ups on input pins
0x05A5	0x301E      	MOVLW      30
0x05A6	0x0024      	MOVLB      4
0x05A7	0x008C      	MOVWF      WPUA
;SmartMotorDriver.c,35 :: 		OPTION_REG.f7 = 0;   //enable weak pull-ups
0x05A8	0x0021      	MOVLB      1
0x05A9	0x1395      	BCF        OPTION_REG, 7
;SmartMotorDriver.c,36 :: 		APFCON.f0 = 1;       //select RA5 as CCP output pin
0x05AA	0x0022      	MOVLB      2
0x05AB	0x141D      	BSF        APFCON, 0
;SmartMotorDriver.c,37 :: 		LATA.f0 = 0;         //put motor direction pin to low
0x05AC	0x100C      	BCF        LATA, 0
;SmartMotorDriver.c,38 :: 		PWM1_init(50000);    //confifure pwm frecuency
0x05AD	0x0020      	MOVLB      0
0x05AE	0x101C      	BCF        T2CON, 0
0x05AF	0x109C      	BCF        T2CON, 1
0x05B0	0x309F      	MOVLW      159
0x05B1	0x009B      	MOVWF      PR2
0x05B2	0x2594      	CALL       _PWM1_Init
;SmartMotorDriver.c,39 :: 		PWM1_start();        //start pwm module
0x05B3	0x24F8      	CALL       _PWM1_Start
;SmartMotorDriver.c,40 :: 		PWM1_set_duty(0);    //put duty of pwm to 0
0x05B4	0x0021      	MOVLB      1
0x05B5	0x01A0      	CLRF       FARG_PWM1_Set_Duty_new_duty
0x05B6	0x21F7      	CALL       _PWM1_Set_Duty
;SmartMotorDriver.c,41 :: 		IOCAN.f4 = 1;        //configure interrupt on falling edge for rpm meter
0x05B7	0x0027      	MOVLB      7
0x05B8	0x1612      	BSF        IOCAN, 4
;SmartMotorDriver.c,42 :: 		INTCON = 0b01001000; //enables interrupts
0x05B9	0x3048      	MOVLW      72
0x05BA	0x008B      	MOVWF      INTCON
;SmartMotorDriver.c,43 :: 		T1CON = 0b00110100;  //configure timer1 to run at 1 MHz
0x05BB	0x3034      	MOVLW      52
0x05BC	0x0020      	MOVLB      0
0x05BD	0x0098      	MOVWF      T1CON
;SmartMotorDriver.c,44 :: 		PIE1.f0 =  1;        //enable timer1 interrupt
0x05BE	0x0021      	MOVLB      1
0x05BF	0x1411      	BSF        PIE1, 0
;SmartMotorDriver.c,45 :: 		T1CON.f0 =  1;       //start timer1
0x05C0	0x0020      	MOVLB      0
0x05C1	0x1418      	BSF        T1CON, 0
;SmartMotorDriver.c,46 :: 		INTCON.f7 = 1;       //run interrupts
0x05C2	0x178B      	BSF        INTCON, 7
;SmartMotorDriver.c,48 :: 		M_control(255);
0x05C3	0x30FF      	MOVLW      255
0x05C4	0x00D9      	MOVWF      FARG_M_control_ctr
0x05C5	0x01DA      	CLRF       FARG_M_control_ctr+1
0x05C6	0x2500      	CALL       _M_control
;SmartMotorDriver.c,49 :: 		Soft_UART_Init(&PORTA, 2, 1, 9600, 0);
0x05C7	0x300C      	MOVLW      PORTA
0x05C8	0x0020      	MOVLB      0
0x05C9	0x00D9      	MOVWF      FARG_Soft_UART_Init_port
0x05CA	0x3000      	MOVLW      hi_addr(PORTA)
0x05CB	0x00DA      	MOVWF      FARG_Soft_UART_Init_port+1
0x05CC	0x3002      	MOVLW      2
0x05CD	0x00DB      	MOVWF      FARG_Soft_UART_Init_rx_pin
0x05CE	0x3001      	MOVLW      1
0x05CF	0x00DC      	MOVWF      FARG_Soft_UART_Init_tx_pin
0x05D0	0x3080      	MOVLW      128
0x05D1	0x00DD      	MOVWF      FARG_Soft_UART_Init_baud_rate
0x05D2	0x3025      	MOVLW      37
0x05D3	0x00DE      	MOVWF      FARG_Soft_UART_Init_baud_rate+1
0x05D4	0x01DF      	CLRF       FARG_Soft_UART_Init_baud_rate+2
0x05D5	0x01E0      	CLRF       FARG_Soft_UART_Init_baud_rate+3
0x05D6	0x01E1      	CLRF       FARG_Soft_UART_Init_inverted
0x05D7	0x23F6      	CALL       _Soft_UART_Init
;SmartMotorDriver.c,51 :: 		while(1)
L_main4:
0x05D8	0x0020      	MOVLB      0
;SmartMotorDriver.c,53 :: 		IntToStr(rpm, txt);
0x05D9	0x082C      	MOVF       _rpm, 0
0x05DA	0x00D9      	MOVWF      FARG_IntToStr_input
0x05DB	0x082D      	MOVF       _rpm+1, 0
0x05DC	0x00DA      	MOVWF      FARG_IntToStr_input+1
0x05DD	0x3030      	MOVLW      _txt
0x05DE	0x00DB      	MOVWF      FARG_IntToStr_output
0x05DF	0x3000      	MOVLW      hi_addr(_txt)
0x05E0	0x00DC      	MOVWF      FARG_IntToStr_output+1
0x05E1	0x237B      	CALL       _IntToStr
;SmartMotorDriver.c,54 :: 		for (i=0;i<strlen(txt);i++)
0x05E2	0x01CE      	CLRF       _i
0x05E3	0x01CF      	CLRF       _i+1
L_main6:
0x05E4	0x3030      	MOVLW      _txt
0x05E5	0x00D9      	MOVWF      FARG_strlen_s
0x05E6	0x3000      	MOVLW      hi_addr(_txt)
0x05E7	0x00DA      	MOVWF      FARG_strlen_s+1
0x05E8	0x24D9      	CALL       _strlen
0x05E9	0x3080      	MOVLW      128
0x05EA	0x064F      	XORWF      _i+1, 0
0x05EB	0x00F2      	MOVWF      R2
0x05EC	0x3080      	MOVLW      128
0x05ED	0x0671      	XORWF      R1, 0
0x05EE	0x0272      	SUBWF      R2, 0
0x05EF	0x1D03      	BTFSS      STATUS, 2
0x05F0	0x2DF3      	GOTO       L__main19
0x05F1	0x0870      	MOVF       R0, 0
0x05F2	0x024E      	SUBWF      _i, 0
L__main19:
0x05F3	0x1803      	BTFSC      STATUS, 0
0x05F4	0x2E03      	GOTO       L_main7
;SmartMotorDriver.c,56 :: 		Soft_UART_Write(txt[i]);
0x05F5	0x3030      	MOVLW      _txt
0x05F6	0x074E      	ADDWF      _i, 0
0x05F7	0x0084      	MOVWF      FSR0
0x05F8	0x3000      	MOVLW      hi_addr(_txt)
0x05F9	0x3D4F      	ADDWFC     _i+1, 0
0x05FA	0x0085      	MOVWF      FSR0H
0x05FB	0x0800      	MOVF       INDF0, 0
0x05FC	0x00D9      	MOVWF      FARG_Soft_UART_Write_udata
0x05FD	0x2552      	CALL       _Soft_UART_Write
;SmartMotorDriver.c,54 :: 		for (i=0;i<strlen(txt);i++)
0x05FE	0x0020      	MOVLB      0
0x05FF	0x0ACE      	INCF       _i, 1
0x0600	0x1903      	BTFSC      STATUS, 2
0x0601	0x0ACF      	INCF       _i+1, 1
;SmartMotorDriver.c,57 :: 		}
0x0602	0x2DE4      	GOTO       L_main6
L_main7:
;SmartMotorDriver.c,58 :: 		Soft_UART_Write(10);
0x0603	0x300A      	MOVLW      10
0x0604	0x00D9      	MOVWF      FARG_Soft_UART_Write_udata
0x0605	0x2552      	CALL       _Soft_UART_Write
;SmartMotorDriver.c,59 :: 		Soft_UART_Write(13);
0x0606	0x300D      	MOVLW      13
0x0607	0x0020      	MOVLB      0
0x0608	0x00D9      	MOVWF      FARG_Soft_UART_Write_udata
0x0609	0x2552      	CALL       _Soft_UART_Write
;SmartMotorDriver.c,60 :: 		delay_ms(100);
0x060A	0x3005      	MOVLW      5
0x060B	0x00FB      	MOVWF      R11
0x060C	0x300F      	MOVLW      15
0x060D	0x00FC      	MOVWF      R12
0x060E	0x30F1      	MOVLW      241
0x060F	0x00FD      	MOVWF      R13
L_main9:
0x0610	0x0BFD      	DECFSZ     R13, 1
0x0611	0x2E10      	GOTO       L_main9
0x0612	0x0BFC      	DECFSZ     R12, 1
0x0613	0x2E10      	GOTO       L_main9
0x0614	0x0BFB      	DECFSZ     R11, 1
0x0615	0x2E10      	GOTO       L_main9
;SmartMotorDriver.c,61 :: 		}
0x0616	0x2DD8      	GOTO       L_main4
;SmartMotorDriver.c,62 :: 		}
L_end_main:
0x0617	0x2E17      	GOTO       $+0
; end of _main
Symbol List:
//** Routines locations **
//ADDRESS    SIZE    PROCEDURE
//----------------------------------------------
0x0004      [92]    _interrupt
0x0060      [28]    _Div_16X16_U
0x007C      [42]    _Mul_16X16_U
0x00A6     [300]    _SDIV3232L
0x01D2      [12]    _COMFREM
0x01DE      [18]    _Delay_Cyc
0x01F0       [7]    _Get_Fosc_kHz
0x01F7      [54]    _PWM1_Set_Duty
0x022D      [76]    _WordToStr
0x0279      [54]    _Mul_32x32_U
0x02AF     [178]    _Div_32x32_S
0x0361      [26]    _abs
0x037B     [123]    _IntToStr
0x03F6     [227]    _Soft_UART_Init
0x04D9      [31]    _strlen
0x04F8       [8]    _PWM1_Start
0x0500      [73]    _M_control
0x0549       [9]    ___CC2DW
0x0552      [66]    _Soft_UART_Write
0x0594       [5]    _PWM1_Init
0x0599     [127]    _main
//** Variables locations ** 
//ADDRESS    SIZE    VARIABLE
//----------------------------------------------
0x0000       [1]    INDF0
0x0001       [1]    INDF1
0x0003       [1]    STATUS
0x0004       [1]    FSR0L
0x0004       [2]    FSR0
0x0005       [1]    FSR0H
0x0006       [1]    FSR1L
0x0007       [1]    FSR1H
0x000A       [1]    PCLATH
0x000B       [1]    INTCON
0x000C       [1]    PORTA
0x0011       [1]    PIR1
0x0018       [1]    T1CON
0x001B       [1]    PR2
0x001C       [1]    T2CON
0x0020       [1]    ___math_tempb
0x002C       [2]    _rpm
0x002E       [2]    _counter
0x0030      [30]    _txt
0x004E       [2]    _i
0x0050       [1]    __Lib_SoftUART__rx_mask0
0x0051       [1]    __Lib_SoftUART_HalfBit
0x0052       [1]    __Lib_SoftUART_FullBit
0x0053       [1]    __Lib_SoftUART__rx_mask1
0x0054       [1]    __Lib_SoftUART__tx_mask0
0x0055       [1]    __Lib_SoftUART__tx_mask1
0x0056       [2]    __Lib_SoftUART__port_addr
0x0058       [1]    __Lib_SoftUART_InvertMaskRd
0x0059       [4]    FARG_PWM1_Init_PWM_Freq
0x0059       [2]    FARG_M_control_ctr
0x0059       [1]    FARG_Soft_UART_Write_udata
0x0059       [2]    FARG_Soft_UART_Init_port
0x0059       [2]    FARG_IntToStr_input
0x0059       [2]    FARG_strlen_s
0x005A       [1]    Soft_UART_Write_mask_L0
0x005B       [2]    FARG_IntToStr_output
0x005B       [1]    FARG_Soft_UART_Init_rx_pin
0x005C       [1]    FARG_Soft_UART_Init_tx_pin
0x005D       [4]    FARG_Soft_UART_Init_baud_rate
0x005D       [2]    IntToStr_i_L0
0x005F       [2]    IntToStr_negative_L0
0x0061       [1]    FARG_Soft_UART_Init_inverted
0x0061       [2]    IntToStr_inword_L0
0x0062       [4]    Soft_UART_Init_q1_L0
0x0066       [4]    Soft_UART_Init_q2_L0
0x006A       [2]    Soft_UART_Init_temp_word_L0
0x006C       [4]    FLOC__Soft_UART_Init
0x0070       [1]    R0
0x0071       [1]    R1
0x0072       [1]    R2
0x0073       [1]    R3
0x0074       [1]    R4
0x0075       [1]    R5
0x0076       [1]    R6
0x0077       [1]    R7
0x0078       [1]    R8
0x0079       [1]    R9
0x007A       [1]    R10
0x007B       [1]    R11
0x007C       [1]    R12
0x007D       [1]    R13
0x007E       [1]    R14
0x007F       [1]    R15
0x008C       [0]    TRISA2_bit
0x008C       [1]    TRISA
0x0091       [1]    PIE1
0x0095       [1]    OPTION_REG
0x0099       [1]    OSCCON
0x00A0       [1]    FARG_PWM1_Set_Duty_new_duty
0x00A0       [1]    FARG_Delay_Cyc_cycles_div_by_10
0x00A0       [2]    FARG_WordToStr_input
0x00A0       [2]    FARG_abs_a
0x00A2       [2]    FARG_WordToStr_output
0x00A4       [1]    WordToStr_len_L0
0x00A5       [2]    FLOC__WordToStr
0x010C       [1]    LATA
0x011D       [1]    APFCON
0x018C       [1]    ANSELA
0x020C       [1]    WPUA
0x0291       [1]    CCPR1L
0x0293       [1]    CCP1CON
0x0392       [1]    IOCAN
0x0393       [1]    IOCAF
